<?xml version="1.0" encoding="UTF-8"?>
<testsuite name="com.app.server.service.organization.locationmanagement.CityTestCase" tests="7" skipped="0" failures="0" errors="0" timestamp="2016-06-22T08:29:09" hostname="0764d8594519" time="0.153">
  <properties/>
  <testcase name="test1Save" classname="com.app.server.service.organization.locationmanagement.CityTestCase" time="0.051"/>
  <testcase name="test2Update" classname="com.app.server.service.organization.locationmanagement.CityTestCase" time="0.019"/>
  <testcase name="test3FindById" classname="com.app.server.service.organization.locationmanagement.CityTestCase" time="0.008"/>
  <testcase name="test3findBycountryId" classname="com.app.server.service.organization.locationmanagement.CityTestCase" time="0.008"/>
  <testcase name="test3findBystateId" classname="com.app.server.service.organization.locationmanagement.CityTestCase" time="0.007"/>
  <testcase name="test5NegativeTesting" classname="com.app.server.service.organization.locationmanagement.CityTestCase" time="0.031"/>
  <testcase name="test6Delete" classname="com.app.server.service.organization.locationmanagement.CityTestCase" time="0.027"/>
  <system-out><![CDATA[Wed Jun 22 08:29:09 UTC 2016|Log Manager Factory|Initialization Process started.....
Wed Jun 22 08:29:09 UTC 2016|Log Manager|Initialized with Path = [/home/applifire/workspace/appone/src/main/webapp/WEB-INF/conf]
Wed Jun 22 08:29:09 UTC 2016|Alarm Manager|Initialized with Path = [/home/applifire/workspace/appone/src/main/webapp/WEB-INF/conf]
Wed Jun 22 08:29:09 UTC 2016|Alarm Manager|Loading Alarms ......
Wed Jun 22 08:29:09 UTC 2016|Alarm XML Parser|FWA|XML Parsing Complete........ 
Wed Jun 22 08:29:09 UTC 2016|Alarm File Manager|FWA|Alarm File Status.. [ApplicationFrameworkAlarms.xml]|Version=15|Status=Done 
Wed Jun 22 08:29:09 UTC 2016|Alarm File Manager|FWA|Alarm Stats = ( BC/AL=4/676 SYS=4/10 [676/0]  TPL=0/0 [0/0]  APP= A.Map=[759]  E.Map EC/RC=[322/67] )
Wed Jun 22 08:29:09 UTC 2016|Alarm XML Parser|APP|XML Parsing Complete........ 
Wed Jun 22 08:29:09 UTC 2016|Alarm File Manager|APP|Alarm File Status.. [ApplicationAlarms.xml]|Version=1|Status=Done 
Wed Jun 22 08:29:09 UTC 2016|Alarm File Manager|APP|Alarm Stats = ( BC/AL=4/676 SYS=4/10 [676/0]  TPL=0/0 [0/0]  APP=0/0 [0/0]  A.Map=[759]  E.Map EC/RC=[322/67] )
Wed Jun 22 08:29:09 UTC 2016|ApplicationAlarmContext| <><><><><> Create App Alarms ....  <><><><><> 
Wed Jun 22 08:29:09 UTC 2016|ApplicationAlarmContext|Alarms are generated ONLY in Development Mode.. 
Wed Jun 22 08:29:09 UTC 2016|Alarm Manager|APP|Alarm Stats = ( BC/AL=4/676 SYS=4/10 [676/0]  TPL=0/0 [0/0]  APP=0/0 [0/0]  A.Map=[759]  E.Map EC/RC=[322/67] )
Wed Jun 22 08:29:09 UTC 2016|Alarm Manager|Initialized Exception Lookup...
Wed Jun 22 08:29:09 UTC 2016|Log Manager|Initialize Log Config File ......
Wed Jun 22 08:29:09 UTC 2016|Pluggable Connectors|Adding Connectors : StandardOutputConnector isEnabled=true isDefault=false isFallBack=true
Wed Jun 22 08:29:09 UTC 2016|Pluggable Connectors|Adding Connectors : StandardFileConnector isEnabled=true isDefault=false isFallBack=false
Wed Jun 22 08:29:09 UTC 2016|Pluggable Connectors|Adding Connectors : Sprinkler isEnabled=true isDefault=true isFallBack=false
Wed Jun 22 08:29:09 UTC 2016|Pluggable Connectors|Default Connector Name : com.spartan.logger.core.LogMessenger
Wed Jun 22 08:29:09 UTC 2016|Log Config Parser|Connector Least Log Level =[4]  FallBack Log Level =[3]
Wed Jun 22 08:29:09 UTC 2016|Log Manager|Loading Default Connector for Logging ......
Wed Jun 22 08:29:09 UTC 2016|Log Manager|Loading class .. com.spartan.logger.core.LogMessenger
Wed Jun 22 08:29:09 UTC 2016|Plugggable Connector|Connector class com.spartan.logger.core.LogMessenger Initialized... @ Log Level = 3
Wed Jun 22 08:29:09 UTC 2016|Log Manager|Starting the Default Connector [com.spartan.logger.core.LogMessenger@ac018e8] ....
Wed Jun 22 08:29:09 UTC 2016|Scheduler|Starting the Scheduler ......
Wed Jun 22 08:29:09 UTC 2016|Scheduler|Adding [LMID=[835d9c6e-2e8f-47e0-8589-67f461586124]] Delay=5 Time Unit=MINUTES
Wed Jun 22 08:29:09 UTC 2016|Scheduler|Adding [App Alarm Manager File=[ApplicationAlarms.xml]] Delay=30 Time Unit=MINUTES
Wed Jun 22 08:29:09 UTC 2016|Scheduler|Adding [FW Alarm Manager File=[ApplicationFrameworkAlarms.xml]] Delay=3 Time Unit=MINUTES
Wed Jun 22 08:29:09 UTC 2016|Scheduler|Startup Completed..
Wed Jun 22 08:29:09 UTC 2016|Log Manager|Initialization Process Complete ......
Wed Jun 22 08:29:09 UTC 2016|Log Manager Factory|Log Manager READY! ID = 835d9c6e-2e8f-47e0-8589-67f461586124
[EL Finer]: connection: 2016-06-22 08:29:09.922--ServerSession(132201555)--Thread(Thread[Test worker,5,main])--client acquired: 1883461153
[EL Finer]: transaction: 2016-06-22 08:29:09.922--ClientSession(1883461153)--Thread(Thread[Test worker,5,main])--acquire unit of work: 1422641691
[EL Finest]: connection: 2016-06-22 08:29:09.922--ServerSession(132201555)--Connection(255974939)--Thread(Thread[Test worker,5,main])--Connection acquired from connection pool [default].
[EL Finer]: transaction: 2016-06-22 08:29:09.922--ClientSession(1883461153)--Connection(255974939)--Thread(Thread[Test worker,5,main])--begin transaction
[EL Finest]: connection: 2016-06-22 08:29:09.923--ClientSession(1883461153)--Thread(Thread[Test worker,5,main])--reconnecting to external connection pool
Wed Jun 22 08:29:09 UTC 2016|Unknown Alarm = ORGLM312100100 Alarm Split = ORG-LM-3-1-2-100-100
[EL Finest]: transaction: 2016-06-22 08:29:09.927--UnitOfWork(1422641691)--Thread(Thread[Test worker,5,main])--persist() operation called on: 8rInMZIwG4sGwwhJiFXEC8y0bDiybI6sVBigxngoSbf6b4mtqV.
[EL Finest]: sequencing: 2016-06-22 08:29:09.927--UnitOfWork(1422641691)--Thread(Thread[Test worker,5,main])--assign sequence to the object (3A9B3236-113D-44E0-B570-8B8E9B162A9E -> 8rInMZIwG4sGwwhJiFXEC8y0bDiybI6sVBigxngoSbf6b4mtqV)
[EL Finer]: transaction: 2016-06-22 08:29:09.927--UnitOfWork(1422641691)--Thread(Thread[Test worker,5,main])--begin unit of work commit
[EL Finest]: query: 2016-06-22 08:29:09.927--UnitOfWork(1422641691)--Thread(Thread[Test worker,5,main])--Execute query InsertObjectQuery(8rInMZIwG4sGwwhJiFXEC8y0bDiybI6sVBigxngoSbf6b4mtqV)
[EL Fine]: sql: 2016-06-22 08:29:09.927--ClientSession(1883461153)--Connection(2107386095)--Thread(Thread[Test worker,5,main])--INSERT INTO ast_Country_M (countryId, capital, capitalLatitude, capitalLongitude, countryCode1, countryCode2, countryFlag, countryName, currencyCode, currencyName, currencySymbol, isoNumeric, versionId, createdBy, createdDate, updatedBy, updatedDate, activeStatus, txnAccessCode) VALUES (?, ?, ?, ?, ?, ?, ?, ?, ?, ?, ?, ?, ?, ?, ?, ?, ?, ?, ?)
	bind => [3A9B3236-113D-44E0-B570-8B8E9B162A9E, IJfm6PMc5RXtPMGFlg7RvaC5jQiVc7QT, 11, 10, 8Iu, WqH, DMONHAYAZHaaSewuvT2QQoc9uy3d3WMiCZWUHF52EmszLIaqh6, 8rInMZIwG4sGwwhJiFXEC8y0bDiybI6sVBigxngoSbf6b4mtqV, oIU, 2Whnc92hksPKPAo5z21uDucsptZntMQnsiNG48p7uo9uJmjhu0, P1v5QE8dBxTbqPTvZAVa70l5xumlWKMe, 842, 1, AAAAA, 2016-06-22 08:29:09.922, AAAAA, 2016-06-22 08:29:09.922, 1, 51000]
[EL Finer]: transaction: 2016-06-22 08:29:09.929--ClientSession(1883461153)--Connection(2107386095)--Thread(Thread[Test worker,5,main])--commit transaction
[EL Finest]: connection: 2016-06-22 08:29:09.931--ServerSession(132201555)--Connection(255974939)--Thread(Thread[Test worker,5,main])--Connection released to connection pool [default].
[EL Finer]: transaction: 2016-06-22 08:29:09.931--UnitOfWork(1422641691)--Thread(Thread[Test worker,5,main])--end unit of work commit
[EL Finer]: transaction: 2016-06-22 08:29:09.931--UnitOfWork(1422641691)--Thread(Thread[Test worker,5,main])--resume unit of work
[EL Finer]: transaction: 2016-06-22 08:29:09.931--UnitOfWork(1422641691)--Thread(Thread[Test worker,5,main])--release unit of work
[EL Finer]: connection: 2016-06-22 08:29:09.931--ClientSession(1883461153)--Thread(Thread[Test worker,5,main])--client released
[EL Finer]: connection: 2016-06-22 08:29:09.931--ServerSession(132201555)--Thread(Thread[Test worker,5,main])--client acquired: 2134532601
[EL Finer]: transaction: 2016-06-22 08:29:09.931--ClientSession(2134532601)--Thread(Thread[Test worker,5,main])--acquire unit of work: 1375101872
[EL Finest]: connection: 2016-06-22 08:29:09.932--ServerSession(132201555)--Connection(118153690)--Thread(Thread[Test worker,5,main])--Connection acquired from connection pool [default].
[EL Finer]: transaction: 2016-06-22 08:29:09.932--ClientSession(2134532601)--Connection(118153690)--Thread(Thread[Test worker,5,main])--begin transaction
[EL Finest]: connection: 2016-06-22 08:29:09.932--ClientSession(2134532601)--Thread(Thread[Test worker,5,main])--reconnecting to external connection pool
Wed Jun 22 08:29:09 UTC 2016|Unknown Alarm = ORGLM312100100 Alarm Split = ORG-LM-3-1-2-100-100
[EL Finest]: transaction: 2016-06-22 08:29:09.935--UnitOfWork(1375101872)--Thread(Thread[Test worker,5,main])--persist() operation called on: QiyZi5ITjTa4BScIiDeO4yFSWbzzk5WcrMOdWH9h48xGU72g8k.
[EL Finest]: sequencing: 2016-06-22 08:29:09.935--UnitOfWork(1375101872)--Thread(Thread[Test worker,5,main])--assign sequence to the object (87B60EAE-DC6E-49AE-8315-E52F50B3AEBD -> QiyZi5ITjTa4BScIiDeO4yFSWbzzk5WcrMOdWH9h48xGU72g8k)
[EL Finer]: transaction: 2016-06-22 08:29:09.935--UnitOfWork(1375101872)--Thread(Thread[Test worker,5,main])--begin unit of work commit
[EL Finest]: query: 2016-06-22 08:29:09.935--UnitOfWork(1375101872)--Thread(Thread[Test worker,5,main])--Execute query InsertObjectQuery(QiyZi5ITjTa4BScIiDeO4yFSWbzzk5WcrMOdWH9h48xGU72g8k)
[EL Fine]: sql: 2016-06-22 08:29:09.936--ClientSession(2134532601)--Connection(870666394)--Thread(Thread[Test worker,5,main])--INSERT INTO ast_State_M (stateId, countryId, stateCapital, stateCapitalLatitude, stateCapitalLongitude, stateCode, stateCodeChar2, stateCodeChar3, stateDescription, stateFlag, stateName, versionId, createdBy, createdDate, updatedBy, updatedDate, activeStatus, txnAccessCode) VALUES (?, ?, ?, ?, ?, ?, ?, ?, ?, ?, ?, ?, ?, ?, ?, ?, ?, ?)
	bind => [87B60EAE-DC6E-49AE-8315-E52F50B3AEBD, 3A9B3236-113D-44E0-B570-8B8E9B162A9E, TXo4qUI2ofc29L9QOuikLBlOTNB2vxHNvRh4hdcBK1KkBxBvIk, 7, 3, 1, iUgtMt9uXb2Oxmy2wgjw5TKhCPUBNKD7, beRKKPei23Gx20BXTeZCeYx3m62pgfED, Tqsfvhb3LcLh9UncS1XJdNotkSN6w7ewKvCkR1NSvu54lpTDhH, vDIMGeNY88VfrvJlsKfd1Asf7uxHfpSCfLRYRQj9q3kRl2RPQw, QiyZi5ITjTa4BScIiDeO4yFSWbzzk5WcrMOdWH9h48xGU72g8k, 1, AAAAA, 2016-06-22 08:29:09.931, AAAAA, 2016-06-22 08:29:09.931, 1, 51000]
[EL Finer]: transaction: 2016-06-22 08:29:09.937--ClientSession(2134532601)--Connection(870666394)--Thread(Thread[Test worker,5,main])--commit transaction
[EL Finest]: connection: 2016-06-22 08:29:09.939--ServerSession(132201555)--Connection(118153690)--Thread(Thread[Test worker,5,main])--Connection released to connection pool [default].
[EL Finer]: transaction: 2016-06-22 08:29:09.939--UnitOfWork(1375101872)--Thread(Thread[Test worker,5,main])--end unit of work commit
[EL Finer]: transaction: 2016-06-22 08:29:09.939--UnitOfWork(1375101872)--Thread(Thread[Test worker,5,main])--resume unit of work
[EL Finer]: transaction: 2016-06-22 08:29:09.939--UnitOfWork(1375101872)--Thread(Thread[Test worker,5,main])--release unit of work
[EL Finer]: connection: 2016-06-22 08:29:09.939--ClientSession(2134532601)--Thread(Thread[Test worker,5,main])--client released
Setting logged in user info for ADD
[EL Finer]: connection: 2016-06-22 08:29:09.942--ServerSession(132201555)--Thread(Thread[Test worker,5,main])--client acquired: 1948148145
[EL Finer]: transaction: 2016-06-22 08:29:09.942--ClientSession(1948148145)--Thread(Thread[Test worker,5,main])--acquire unit of work: 1990190853
[EL Finest]: connection: 2016-06-22 08:29:09.942--ServerSession(132201555)--Connection(2079864346)--Thread(Thread[Test worker,5,main])--Connection acquired from connection pool [default].
[EL Finer]: transaction: 2016-06-22 08:29:09.942--ClientSession(1948148145)--Connection(2079864346)--Thread(Thread[Test worker,5,main])--begin transaction
[EL Finest]: connection: 2016-06-22 08:29:09.942--ClientSession(1948148145)--Thread(Thread[Test worker,5,main])--reconnecting to external connection pool
Wed Jun 22 08:29:09 UTC 2016|Unknown Alarm = ORGLM312100100 Alarm Split = ORG-LM-3-1-2-100-100
[EL Finest]: transaction: 2016-06-22 08:29:09.943--UnitOfWork(1990190853)--Thread(Thread[Test worker,5,main])--persist() operation called on: 4dJJileEF3c4LbPJbUG2tVM1V5KtQZTjUxXckLbpkCO3Hy0mxZ,FSNHDNu1YWMvJgf3lv3sDIF1vELlgRkO,1.
[EL Finest]: sequencing: 2016-06-22 08:29:09.943--UnitOfWork(1990190853)--Thread(Thread[Test worker,5,main])--assign sequence to the object (C97AF8CA-8B27-4AA7-8C97-DA3B45C7B275 -> 4dJJileEF3c4LbPJbUG2tVM1V5KtQZTjUxXckLbpkCO3Hy0mxZ,FSNHDNu1YWMvJgf3lv3sDIF1vELlgRkO,1)
[EL Finer]: transaction: 2016-06-22 08:29:09.943--UnitOfWork(1990190853)--Thread(Thread[Test worker,5,main])--begin unit of work commit
[EL Finest]: query: 2016-06-22 08:29:09.943--UnitOfWork(1990190853)--Thread(Thread[Test worker,5,main])--Execute query InsertObjectQuery(4dJJileEF3c4LbPJbUG2tVM1V5KtQZTjUxXckLbpkCO3Hy0mxZ,FSNHDNu1YWMvJgf3lv3sDIF1vELlgRkO,1)
[EL Fine]: sql: 2016-06-22 08:29:09.944--ClientSession(1948148145)--Connection(1740509873)--Thread(Thread[Test worker,5,main])--INSERT INTO ast_City_M (cityId, cityCode, cityCodeChar2, cityDescription, cityFlag, cityLatitude, cityLongitude, cityName, countryId, stateId, versionId, createdBy, createdDate, updatedBy, updatedDate, activeStatus, txnAccessCode) VALUES (?, ?, ?, ?, ?, ?, ?, ?, ?, ?, ?, ?, ?, ?, ?, ?, ?)
	bind => [C97AF8CA-8B27-4AA7-8C97-DA3B45C7B275, 1, FSNHDNu1YWMvJgf3lv3sDIF1vELlgRkO, rA9BM1le7PBZLuH9v1XCcin0ewN7oTAkNGXDYRwRAztMbLeDXu, dXThPAGFAUZOQk3XlEvKvanO3ptm9AEfp6wmqs8sqoWWsoOf53, 6, 10, 4dJJileEF3c4LbPJbUG2tVM1V5KtQZTjUxXckLbpkCO3Hy0mxZ, 3A9B3236-113D-44E0-B570-8B8E9B162A9E, 87B60EAE-DC6E-49AE-8315-E52F50B3AEBD, 1, AAAAA, 2016-06-22 08:29:09.939, AAAAA, 2016-06-22 08:29:09.939, 1, 51000]
[EL Finer]: transaction: 2016-06-22 08:29:09.945--ClientSession(1948148145)--Connection(1740509873)--Thread(Thread[Test worker,5,main])--commit transaction
[EL Finest]: connection: 2016-06-22 08:29:09.948--ServerSession(132201555)--Connection(2079864346)--Thread(Thread[Test worker,5,main])--Connection released to connection pool [default].
[EL Finer]: transaction: 2016-06-22 08:29:09.948--UnitOfWork(1990190853)--Thread(Thread[Test worker,5,main])--end unit of work commit
[EL Finer]: transaction: 2016-06-22 08:29:09.948--UnitOfWork(1990190853)--Thread(Thread[Test worker,5,main])--resume unit of work
[EL Finer]: transaction: 2016-06-22 08:29:09.948--UnitOfWork(1990190853)--Thread(Thread[Test worker,5,main])--release unit of work
[EL Finer]: connection: 2016-06-22 08:29:09.948--ClientSession(1948148145)--Thread(Thread[Test worker,5,main])--client released
[EL Finer]: connection: 2016-06-22 08:29:09.954--ServerSession(132201555)--Thread(Thread[Test worker,5,main])--client acquired: 302062420
[EL Finer]: transaction: 2016-06-22 08:29:09.954--ClientSession(302062420)--Thread(Thread[Test worker,5,main])--acquire unit of work: 111751432
[EL Finest]: connection: 2016-06-22 08:29:09.954--ServerSession(132201555)--Connection(1305610146)--Thread(Thread[Test worker,5,main])--Connection acquired from connection pool [default].
[EL Finer]: transaction: 2016-06-22 08:29:09.954--ClientSession(302062420)--Connection(1305610146)--Thread(Thread[Test worker,5,main])--begin transaction
[EL Finest]: connection: 2016-06-22 08:29:09.954--ClientSession(302062420)--Thread(Thread[Test worker,5,main])--reconnecting to external connection pool
[EL Finer]: transaction: 2016-06-22 08:29:09.955--UnitOfWork(111751432)--Thread(Thread[Test worker,5,main])--begin unit of work flush
[EL Finer]: transaction: 2016-06-22 08:29:09.955--UnitOfWork(111751432)--Thread(Thread[Test worker,5,main])--end unit of work flush
[EL Finest]: query: 2016-06-22 08:29:09.955--UnitOfWork(111751432)--Thread(Thread[Test worker,5,main])--Execute query ReadAllQuery(name="City.findById" referenceClass=City sql="SELECT cityId, cityCode, cityCodeChar2, cityDescription, cityFlag, cityLatitude, cityLongitude, cityName, countryId, stateId, versionId, createdBy, createdDate, updatedBy, updatedDate, activeStatus, txnAccessCode FROM ast_City_M WHERE ((activeStatus = ?) AND (cityId = ?))")
[EL Fine]: sql: 2016-06-22 08:29:09.956--ClientSession(302062420)--Connection(795497695)--Thread(Thread[Test worker,5,main])--SELECT cityId, cityCode, cityCodeChar2, cityDescription, cityFlag, cityLatitude, cityLongitude, cityName, countryId, stateId, versionId, createdBy, createdDate, updatedBy, updatedDate, activeStatus, txnAccessCode FROM ast_City_M WHERE ((activeStatus = ?) AND (cityId = ?))
	bind => [1, C97AF8CA-8B27-4AA7-8C97-DA3B45C7B275]
[EL Finer]: transaction: 2016-06-22 08:29:09.957--UnitOfWork(111751432)--Thread(Thread[Test worker,5,main])--begin unit of work commit
[EL Finer]: transaction: 2016-06-22 08:29:09.957--ClientSession(302062420)--Connection(795497695)--Thread(Thread[Test worker,5,main])--commit transaction
[EL Finest]: connection: 2016-06-22 08:29:09.957--ServerSession(132201555)--Connection(1305610146)--Thread(Thread[Test worker,5,main])--Connection released to connection pool [default].
[EL Finer]: transaction: 2016-06-22 08:29:09.957--UnitOfWork(111751432)--Thread(Thread[Test worker,5,main])--end unit of work commit
[EL Finer]: transaction: 2016-06-22 08:29:09.958--UnitOfWork(111751432)--Thread(Thread[Test worker,5,main])--resume unit of work
[EL Finer]: transaction: 2016-06-22 08:29:09.958--UnitOfWork(111751432)--Thread(Thread[Test worker,5,main])--release unit of work
[EL Finer]: connection: 2016-06-22 08:29:09.958--ClientSession(302062420)--Thread(Thread[Test worker,5,main])--client released
Setting logged in user info for UPDATE
[EL Finer]: connection: 2016-06-22 08:29:09.958--ServerSession(132201555)--Thread(Thread[Test worker,5,main])--client acquired: 545038287
[EL Finer]: transaction: 2016-06-22 08:29:09.958--ClientSession(545038287)--Thread(Thread[Test worker,5,main])--acquire unit of work: 1440735154
[EL Finest]: connection: 2016-06-22 08:29:09.958--ServerSession(132201555)--Connection(1557613353)--Thread(Thread[Test worker,5,main])--Connection acquired from connection pool [default].
[EL Finer]: transaction: 2016-06-22 08:29:09.958--ClientSession(545038287)--Connection(1557613353)--Thread(Thread[Test worker,5,main])--begin transaction
[EL Finest]: connection: 2016-06-22 08:29:09.958--ClientSession(545038287)--Thread(Thread[Test worker,5,main])--reconnecting to external connection pool
[EL Finest]: transaction: 2016-06-22 08:29:09.962--UnitOfWork(1440735154)--Thread(Thread[Test worker,5,main])--Merge clone with references CzPzAL2tcnYv7yIZ6DhA1Z0arexsQCRRGBX4bS3cjJwL60AxZ0,W2wYoXcny3M6VtItfq2ndTADb8fdYRL1,3
[EL Finest]: query: 2016-06-22 08:29:09.962--UnitOfWork(1440735154)--Thread(Thread[Test worker,5,main])--Execute query ReadObjectQuery(referenceClass=City )
[EL Fine]: sql: 2016-06-22 08:29:09.962--ClientSession(545038287)--Connection(484323741)--Thread(Thread[Test worker,5,main])--SELECT cityId, cityCode, cityCodeChar2, cityDescription, cityFlag, cityLatitude, cityLongitude, cityName, countryId, stateId, versionId, createdBy, createdDate, updatedBy, updatedDate, activeStatus, txnAccessCode FROM ast_City_M WHERE (cityId = ?)
	bind => [C97AF8CA-8B27-4AA7-8C97-DA3B45C7B275]
[EL Finer]: transaction: 2016-06-22 08:29:09.963--UnitOfWork(1440735154)--Thread(Thread[Test worker,5,main])--begin unit of work commit
[EL Finest]: query: 2016-06-22 08:29:09.963--UnitOfWork(1440735154)--Thread(Thread[Test worker,5,main])--Execute query UpdateObjectQuery(CzPzAL2tcnYv7yIZ6DhA1Z0arexsQCRRGBX4bS3cjJwL60AxZ0,W2wYoXcny3M6VtItfq2ndTADb8fdYRL1,3)
[EL Fine]: sql: 2016-06-22 08:29:09.964--ClientSession(545038287)--Connection(484323741)--Thread(Thread[Test worker,5,main])--UPDATE ast_City_M SET cityCode = ?, cityCodeChar2 = ?, cityDescription = ?, cityFlag = ?, cityLatitude = ?, cityLongitude = ?, cityName = ?, versionId = ? WHERE ((cityId = ?) AND (versionId = ?))
	bind => [3, W2wYoXcny3M6VtItfq2ndTADb8fdYRL1, hPx2HIa2T69EjH0glcIn8UN9udwopw7X1siq7JFzjkVUHd4fjZ, 3qiNB3XL75ZJMH3IgpZoB8fIFktJCNDlkHB7nosrurDKa3oodG, 2, 8, CzPzAL2tcnYv7yIZ6DhA1Z0arexsQCRRGBX4bS3cjJwL60AxZ0, 2, C97AF8CA-8B27-4AA7-8C97-DA3B45C7B275, 1]
[EL Finer]: transaction: 2016-06-22 08:29:09.965--ClientSession(545038287)--Connection(484323741)--Thread(Thread[Test worker,5,main])--commit transaction
[EL Finest]: connection: 2016-06-22 08:29:09.967--ServerSession(132201555)--Connection(1557613353)--Thread(Thread[Test worker,5,main])--Connection released to connection pool [default].
[EL Finer]: transaction: 2016-06-22 08:29:09.967--UnitOfWork(1440735154)--Thread(Thread[Test worker,5,main])--end unit of work commit
[EL Finer]: transaction: 2016-06-22 08:29:09.967--UnitOfWork(1440735154)--Thread(Thread[Test worker,5,main])--resume unit of work
[EL Finer]: transaction: 2016-06-22 08:29:09.967--UnitOfWork(1440735154)--Thread(Thread[Test worker,5,main])--release unit of work
[EL Finer]: connection: 2016-06-22 08:29:09.968--ClientSession(545038287)--Thread(Thread[Test worker,5,main])--client released
[EL Finer]: connection: 2016-06-22 08:29:09.972--ServerSession(132201555)--Thread(Thread[Test worker,5,main])--client acquired: 712020046
[EL Finer]: transaction: 2016-06-22 08:29:09.972--ClientSession(712020046)--Thread(Thread[Test worker,5,main])--acquire unit of work: 1142032038
[EL Finest]: connection: 2016-06-22 08:29:09.972--ServerSession(132201555)--Connection(2071109427)--Thread(Thread[Test worker,5,main])--Connection acquired from connection pool [default].
[EL Finer]: transaction: 2016-06-22 08:29:09.972--ClientSession(712020046)--Connection(2071109427)--Thread(Thread[Test worker,5,main])--begin transaction
[EL Finest]: connection: 2016-06-22 08:29:09.972--ClientSession(712020046)--Thread(Thread[Test worker,5,main])--reconnecting to external connection pool
[EL Finer]: transaction: 2016-06-22 08:29:09.973--UnitOfWork(1142032038)--Thread(Thread[Test worker,5,main])--begin unit of work flush
[EL Finer]: transaction: 2016-06-22 08:29:09.973--UnitOfWork(1142032038)--Thread(Thread[Test worker,5,main])--end unit of work flush
[EL Finest]: query: 2016-06-22 08:29:09.973--UnitOfWork(1142032038)--Thread(Thread[Test worker,5,main])--Execute query ReadAllQuery(name="City.findById" referenceClass=City sql="SELECT cityId, cityCode, cityCodeChar2, cityDescription, cityFlag, cityLatitude, cityLongitude, cityName, countryId, stateId, versionId, createdBy, createdDate, updatedBy, updatedDate, activeStatus, txnAccessCode FROM ast_City_M WHERE ((activeStatus = ?) AND (cityId = ?))")
[EL Fine]: sql: 2016-06-22 08:29:09.973--ClientSession(712020046)--Connection(64511332)--Thread(Thread[Test worker,5,main])--SELECT cityId, cityCode, cityCodeChar2, cityDescription, cityFlag, cityLatitude, cityLongitude, cityName, countryId, stateId, versionId, createdBy, createdDate, updatedBy, updatedDate, activeStatus, txnAccessCode FROM ast_City_M WHERE ((activeStatus = ?) AND (cityId = ?))
	bind => [1, C97AF8CA-8B27-4AA7-8C97-DA3B45C7B275]
[EL Finer]: transaction: 2016-06-22 08:29:09.975--UnitOfWork(1142032038)--Thread(Thread[Test worker,5,main])--begin unit of work commit
[EL Finer]: transaction: 2016-06-22 08:29:09.975--ClientSession(712020046)--Connection(64511332)--Thread(Thread[Test worker,5,main])--commit transaction
[EL Finest]: connection: 2016-06-22 08:29:09.975--ServerSession(132201555)--Connection(2071109427)--Thread(Thread[Test worker,5,main])--Connection released to connection pool [default].
[EL Finer]: transaction: 2016-06-22 08:29:09.975--UnitOfWork(1142032038)--Thread(Thread[Test worker,5,main])--end unit of work commit
[EL Finer]: transaction: 2016-06-22 08:29:09.975--UnitOfWork(1142032038)--Thread(Thread[Test worker,5,main])--resume unit of work
[EL Finer]: transaction: 2016-06-22 08:29:09.975--UnitOfWork(1142032038)--Thread(Thread[Test worker,5,main])--release unit of work
[EL Finer]: connection: 2016-06-22 08:29:09.975--ClientSession(712020046)--Thread(Thread[Test worker,5,main])--client released
[EL Finer]: connection: 2016-06-22 08:29:09.98--ServerSession(132201555)--Thread(Thread[Test worker,5,main])--client acquired: 694817737
[EL Finer]: transaction: 2016-06-22 08:29:09.98--ClientSession(694817737)--Thread(Thread[Test worker,5,main])--acquire unit of work: 1933117020
[EL Finest]: connection: 2016-06-22 08:29:09.98--ServerSession(132201555)--Connection(617659677)--Thread(Thread[Test worker,5,main])--Connection acquired from connection pool [default].
[EL Finer]: transaction: 2016-06-22 08:29:09.98--ClientSession(694817737)--Connection(617659677)--Thread(Thread[Test worker,5,main])--begin transaction
[EL Finest]: connection: 2016-06-22 08:29:09.98--ClientSession(694817737)--Thread(Thread[Test worker,5,main])--reconnecting to external connection pool
[EL Finer]: transaction: 2016-06-22 08:29:09.981--UnitOfWork(1933117020)--Thread(Thread[Test worker,5,main])--begin unit of work flush
[EL Finer]: transaction: 2016-06-22 08:29:09.981--UnitOfWork(1933117020)--Thread(Thread[Test worker,5,main])--end unit of work flush
[EL Finest]: query: 2016-06-22 08:29:09.981--UnitOfWork(1933117020)--Thread(Thread[Test worker,5,main])--Execute query ReadAllQuery(name="City.findByCountryId" referenceClass=City sql="SELECT cityId, cityCode, cityCodeChar2, cityDescription, cityFlag, cityLatitude, cityLongitude, cityName, countryId, stateId, versionId, createdBy, createdDate, updatedBy, updatedDate, activeStatus, txnAccessCode FROM ast_City_M WHERE ((activeStatus = ?) AND (countryId = ?))")
[EL Fine]: sql: 2016-06-22 08:29:09.981--ClientSession(694817737)--Connection(1334876128)--Thread(Thread[Test worker,5,main])--SELECT cityId, cityCode, cityCodeChar2, cityDescription, cityFlag, cityLatitude, cityLongitude, cityName, countryId, stateId, versionId, createdBy, createdDate, updatedBy, updatedDate, activeStatus, txnAccessCode FROM ast_City_M WHERE ((activeStatus = ?) AND (countryId = ?))
	bind => [1, 3A9B3236-113D-44E0-B570-8B8E9B162A9E]
[EL Finer]: transaction: 2016-06-22 08:29:09.983--UnitOfWork(1933117020)--Thread(Thread[Test worker,5,main])--begin unit of work commit
[EL Finer]: transaction: 2016-06-22 08:29:09.983--ClientSession(694817737)--Connection(1334876128)--Thread(Thread[Test worker,5,main])--commit transaction
[EL Finest]: connection: 2016-06-22 08:29:09.983--ServerSession(132201555)--Connection(617659677)--Thread(Thread[Test worker,5,main])--Connection released to connection pool [default].
[EL Finer]: transaction: 2016-06-22 08:29:09.983--UnitOfWork(1933117020)--Thread(Thread[Test worker,5,main])--end unit of work commit
[EL Finer]: transaction: 2016-06-22 08:29:09.983--UnitOfWork(1933117020)--Thread(Thread[Test worker,5,main])--resume unit of work
[EL Finer]: transaction: 2016-06-22 08:29:09.983--UnitOfWork(1933117020)--Thread(Thread[Test worker,5,main])--release unit of work
[EL Finer]: connection: 2016-06-22 08:29:09.984--ClientSession(694817737)--Thread(Thread[Test worker,5,main])--client released
[EL Finer]: connection: 2016-06-22 08:29:09.988--ServerSession(132201555)--Thread(Thread[Test worker,5,main])--client acquired: 1547593435
[EL Finer]: transaction: 2016-06-22 08:29:09.988--ClientSession(1547593435)--Thread(Thread[Test worker,5,main])--acquire unit of work: 80929581
[EL Finest]: connection: 2016-06-22 08:29:09.988--ServerSession(132201555)--Connection(826319316)--Thread(Thread[Test worker,5,main])--Connection acquired from connection pool [default].
[EL Finer]: transaction: 2016-06-22 08:29:09.988--ClientSession(1547593435)--Connection(826319316)--Thread(Thread[Test worker,5,main])--begin transaction
[EL Finest]: connection: 2016-06-22 08:29:09.988--ClientSession(1547593435)--Thread(Thread[Test worker,5,main])--reconnecting to external connection pool
[EL Finer]: transaction: 2016-06-22 08:29:09.989--UnitOfWork(80929581)--Thread(Thread[Test worker,5,main])--begin unit of work flush
[EL Finer]: transaction: 2016-06-22 08:29:09.989--UnitOfWork(80929581)--Thread(Thread[Test worker,5,main])--end unit of work flush
[EL Finest]: query: 2016-06-22 08:29:09.989--UnitOfWork(80929581)--Thread(Thread[Test worker,5,main])--Execute query ReadAllQuery(name="City.findByStateId" referenceClass=City sql="SELECT cityId, cityCode, cityCodeChar2, cityDescription, cityFlag, cityLatitude, cityLongitude, cityName, countryId, stateId, versionId, createdBy, createdDate, updatedBy, updatedDate, activeStatus, txnAccessCode FROM ast_City_M WHERE ((activeStatus = ?) AND (stateId = ?))")
[EL Fine]: sql: 2016-06-22 08:29:09.989--ClientSession(1547593435)--Connection(615025833)--Thread(Thread[Test worker,5,main])--SELECT cityId, cityCode, cityCodeChar2, cityDescription, cityFlag, cityLatitude, cityLongitude, cityName, countryId, stateId, versionId, createdBy, createdDate, updatedBy, updatedDate, activeStatus, txnAccessCode FROM ast_City_M WHERE ((activeStatus = ?) AND (stateId = ?))
	bind => [1, 87B60EAE-DC6E-49AE-8315-E52F50B3AEBD]
[EL Finer]: transaction: 2016-06-22 08:29:09.991--UnitOfWork(80929581)--Thread(Thread[Test worker,5,main])--begin unit of work commit
[EL Finer]: transaction: 2016-06-22 08:29:09.991--ClientSession(1547593435)--Connection(615025833)--Thread(Thread[Test worker,5,main])--commit transaction
[EL Finest]: connection: 2016-06-22 08:29:09.991--ServerSession(132201555)--Connection(826319316)--Thread(Thread[Test worker,5,main])--Connection released to connection pool [default].
[EL Finer]: transaction: 2016-06-22 08:29:09.991--UnitOfWork(80929581)--Thread(Thread[Test worker,5,main])--end unit of work commit
[EL Finer]: transaction: 2016-06-22 08:29:09.991--UnitOfWork(80929581)--Thread(Thread[Test worker,5,main])--resume unit of work
[EL Finer]: transaction: 2016-06-22 08:29:09.991--UnitOfWork(80929581)--Thread(Thread[Test worker,5,main])--release unit of work
[EL Finer]: connection: 2016-06-22 08:29:09.991--ClientSession(1547593435)--Thread(Thread[Test worker,5,main])--client released
[EL Finer]: connection: 2016-06-22 08:29:10.028--ServerSession(132201555)--Thread(Thread[Test worker,5,main])--client acquired: 1131536290
[EL Finer]: transaction: 2016-06-22 08:29:10.028--ClientSession(1131536290)--Thread(Thread[Test worker,5,main])--acquire unit of work: 1762731845
[EL Finest]: connection: 2016-06-22 08:29:10.028--ServerSession(132201555)--Connection(1697208550)--Thread(Thread[Test worker,5,main])--Connection acquired from connection pool [default].
[EL Finer]: transaction: 2016-06-22 08:29:10.028--ClientSession(1131536290)--Connection(1697208550)--Thread(Thread[Test worker,5,main])--begin transaction
[EL Finest]: connection: 2016-06-22 08:29:10.028--ClientSession(1131536290)--Thread(Thread[Test worker,5,main])--reconnecting to external connection pool
[EL Finest]: query: 2016-06-22 08:29:10.029--UnitOfWork(1762731845)--Thread(Thread[Test worker,5,main])--Execute query ReadObjectQuery(name="readCity" referenceClass=City sql="SELECT cityId, cityCode, cityCodeChar2, cityDescription, cityFlag, cityLatitude, cityLongitude, cityName, countryId, stateId, versionId, createdBy, createdDate, updatedBy, updatedDate, activeStatus, txnAccessCode FROM ast_City_M WHERE (cityId = ?)")
[EL Fine]: sql: 2016-06-22 08:29:10.029--ClientSession(1131536290)--Connection(771174425)--Thread(Thread[Test worker,5,main])--SELECT cityId, cityCode, cityCodeChar2, cityDescription, cityFlag, cityLatitude, cityLongitude, cityName, countryId, stateId, versionId, createdBy, createdDate, updatedBy, updatedDate, activeStatus, txnAccessCode FROM ast_City_M WHERE (cityId = ?)
	bind => [C97AF8CA-8B27-4AA7-8C97-DA3B45C7B275]
[EL Finest]: transaction: 2016-06-22 08:29:10.031--UnitOfWork(1762731845)--Thread(Thread[Test worker,5,main])--remove() operation called on: CzPzAL2tcnYv7yIZ6DhA1Z0arexsQCRRGBX4bS3cjJwL60AxZ0,W2wYoXcny3M6VtItfq2ndTADb8fdYRL1,3
[EL Finer]: transaction: 2016-06-22 08:29:10.031--UnitOfWork(1762731845)--Thread(Thread[Test worker,5,main])--begin unit of work commit
[EL Finest]: query: 2016-06-22 08:29:10.031--UnitOfWork(1762731845)--Thread(Thread[Test worker,5,main])--Execute query DoesExistQuery(referenceClass=City )
[EL Finest]: query: 2016-06-22 08:29:10.031--UnitOfWork(1762731845)--Thread(Thread[Test worker,5,main])--Execute query DeleteObjectQuery(CzPzAL2tcnYv7yIZ6DhA1Z0arexsQCRRGBX4bS3cjJwL60AxZ0,W2wYoXcny3M6VtItfq2ndTADb8fdYRL1,3)
[EL Fine]: sql: 2016-06-22 08:29:10.032--ClientSession(1131536290)--Connection(771174425)--Thread(Thread[Test worker,5,main])--DELETE FROM ast_City_M WHERE ((cityId = ?) AND (versionId = ?))
	bind => [C97AF8CA-8B27-4AA7-8C97-DA3B45C7B275, 2]
[EL Finer]: transaction: 2016-06-22 08:29:10.033--ClientSession(1131536290)--Connection(771174425)--Thread(Thread[Test worker,5,main])--commit transaction
[EL Finest]: connection: 2016-06-22 08:29:10.035--ServerSession(132201555)--Connection(1697208550)--Thread(Thread[Test worker,5,main])--Connection released to connection pool [default].
[EL Finer]: transaction: 2016-06-22 08:29:10.035--UnitOfWork(1762731845)--Thread(Thread[Test worker,5,main])--end unit of work commit
[EL Finer]: transaction: 2016-06-22 08:29:10.035--UnitOfWork(1762731845)--Thread(Thread[Test worker,5,main])--resume unit of work
[EL Finer]: transaction: 2016-06-22 08:29:10.035--UnitOfWork(1762731845)--Thread(Thread[Test worker,5,main])--release unit of work
[EL Finer]: connection: 2016-06-22 08:29:10.035--ClientSession(1131536290)--Thread(Thread[Test worker,5,main])--client released
[EL Finer]: connection: 2016-06-22 08:29:10.035--ServerSession(132201555)--Thread(Thread[Test worker,5,main])--client acquired: 2111254466
[EL Finer]: transaction: 2016-06-22 08:29:10.035--ClientSession(2111254466)--Thread(Thread[Test worker,5,main])--acquire unit of work: 981510681
[EL Finest]: connection: 2016-06-22 08:29:10.036--ServerSession(132201555)--Connection(1428122960)--Thread(Thread[Test worker,5,main])--Connection acquired from connection pool [default].
[EL Finer]: transaction: 2016-06-22 08:29:10.036--ClientSession(2111254466)--Connection(1428122960)--Thread(Thread[Test worker,5,main])--begin transaction
[EL Finest]: connection: 2016-06-22 08:29:10.036--ClientSession(2111254466)--Thread(Thread[Test worker,5,main])--reconnecting to external connection pool
[EL Finest]: query: 2016-06-22 08:29:10.036--UnitOfWork(981510681)--Thread(Thread[Test worker,5,main])--Execute query ReadObjectQuery(name="readState" referenceClass=State sql="SELECT stateId, countryId, stateCapital, stateCapitalLatitude, stateCapitalLongitude, stateCode, stateCodeChar2, stateCodeChar3, stateDescription, stateFlag, stateName, versionId, createdBy, createdDate, updatedBy, updatedDate, activeStatus, txnAccessCode FROM ast_State_M WHERE (stateId = ?)")
[EL Fine]: sql: 2016-06-22 08:29:10.037--ClientSession(2111254466)--Connection(762080695)--Thread(Thread[Test worker,5,main])--SELECT stateId, countryId, stateCapital, stateCapitalLatitude, stateCapitalLongitude, stateCode, stateCodeChar2, stateCodeChar3, stateDescription, stateFlag, stateName, versionId, createdBy, createdDate, updatedBy, updatedDate, activeStatus, txnAccessCode FROM ast_State_M WHERE (stateId = ?)
	bind => [87B60EAE-DC6E-49AE-8315-E52F50B3AEBD]
[EL Finest]: transaction: 2016-06-22 08:29:10.038--UnitOfWork(981510681)--Thread(Thread[Test worker,5,main])--remove() operation called on: QiyZi5ITjTa4BScIiDeO4yFSWbzzk5WcrMOdWH9h48xGU72g8k
[EL Finer]: transaction: 2016-06-22 08:29:10.038--UnitOfWork(981510681)--Thread(Thread[Test worker,5,main])--begin unit of work commit
[EL Finest]: query: 2016-06-22 08:29:10.038--UnitOfWork(981510681)--Thread(Thread[Test worker,5,main])--Execute query DoesExistQuery(referenceClass=State )
[EL Finest]: query: 2016-06-22 08:29:10.038--UnitOfWork(981510681)--Thread(Thread[Test worker,5,main])--Execute query DeleteObjectQuery(QiyZi5ITjTa4BScIiDeO4yFSWbzzk5WcrMOdWH9h48xGU72g8k)
[EL Fine]: sql: 2016-06-22 08:29:10.039--ClientSession(2111254466)--Connection(762080695)--Thread(Thread[Test worker,5,main])--DELETE FROM ast_State_M WHERE ((stateId = ?) AND (versionId = ?))
	bind => [87B60EAE-DC6E-49AE-8315-E52F50B3AEBD, 1]
[EL Finer]: transaction: 2016-06-22 08:29:10.039--ClientSession(2111254466)--Connection(762080695)--Thread(Thread[Test worker,5,main])--commit transaction
[EL Finest]: connection: 2016-06-22 08:29:10.042--ServerSession(132201555)--Connection(1428122960)--Thread(Thread[Test worker,5,main])--Connection released to connection pool [default].
[EL Finer]: transaction: 2016-06-22 08:29:10.042--UnitOfWork(981510681)--Thread(Thread[Test worker,5,main])--end unit of work commit
[EL Finer]: transaction: 2016-06-22 08:29:10.042--UnitOfWork(981510681)--Thread(Thread[Test worker,5,main])--resume unit of work
[EL Finer]: transaction: 2016-06-22 08:29:10.042--UnitOfWork(981510681)--Thread(Thread[Test worker,5,main])--release unit of work
[EL Finer]: connection: 2016-06-22 08:29:10.042--ClientSession(2111254466)--Thread(Thread[Test worker,5,main])--client released
[EL Finer]: connection: 2016-06-22 08:29:10.043--ServerSession(132201555)--Thread(Thread[Test worker,5,main])--client acquired: 1044164684
[EL Finer]: transaction: 2016-06-22 08:29:10.043--ClientSession(1044164684)--Thread(Thread[Test worker,5,main])--acquire unit of work: 39480704
[EL Finest]: connection: 2016-06-22 08:29:10.043--ServerSession(132201555)--Connection(2127228852)--Thread(Thread[Test worker,5,main])--Connection acquired from connection pool [default].
[EL Finer]: transaction: 2016-06-22 08:29:10.043--ClientSession(1044164684)--Connection(2127228852)--Thread(Thread[Test worker,5,main])--begin transaction
[EL Finest]: connection: 2016-06-22 08:29:10.043--ClientSession(1044164684)--Thread(Thread[Test worker,5,main])--reconnecting to external connection pool
[EL Finest]: query: 2016-06-22 08:29:10.043--UnitOfWork(39480704)--Thread(Thread[Test worker,5,main])--Execute query ReadObjectQuery(name="readCountry" referenceClass=Country sql="SELECT countryId, capital, capitalLatitude, capitalLongitude, countryCode1, countryCode2, countryFlag, countryName, currencyCode, currencyName, currencySymbol, isoNumeric, versionId, createdBy, createdDate, updatedBy, updatedDate, activeStatus, txnAccessCode FROM ast_Country_M WHERE (countryId = ?)")
[EL Fine]: sql: 2016-06-22 08:29:10.044--ClientSession(1044164684)--Connection(142607382)--Thread(Thread[Test worker,5,main])--SELECT countryId, capital, capitalLatitude, capitalLongitude, countryCode1, countryCode2, countryFlag, countryName, currencyCode, currencyName, currencySymbol, isoNumeric, versionId, createdBy, createdDate, updatedBy, updatedDate, activeStatus, txnAccessCode FROM ast_Country_M WHERE (countryId = ?)
	bind => [3A9B3236-113D-44E0-B570-8B8E9B162A9E]
[EL Finest]: transaction: 2016-06-22 08:29:10.045--UnitOfWork(39480704)--Thread(Thread[Test worker,5,main])--remove() operation called on: 8rInMZIwG4sGwwhJiFXEC8y0bDiybI6sVBigxngoSbf6b4mtqV
[EL Finer]: transaction: 2016-06-22 08:29:10.045--UnitOfWork(39480704)--Thread(Thread[Test worker,5,main])--begin unit of work commit
[EL Finest]: query: 2016-06-22 08:29:10.045--UnitOfWork(39480704)--Thread(Thread[Test worker,5,main])--Execute query DoesExistQuery(referenceClass=Country )
[EL Finest]: query: 2016-06-22 08:29:10.046--UnitOfWork(39480704)--Thread(Thread[Test worker,5,main])--Execute query DeleteObjectQuery(8rInMZIwG4sGwwhJiFXEC8y0bDiybI6sVBigxngoSbf6b4mtqV)
[EL Fine]: sql: 2016-06-22 08:29:10.046--ClientSession(1044164684)--Connection(142607382)--Thread(Thread[Test worker,5,main])--DELETE FROM ast_Country_M WHERE ((countryId = ?) AND (versionId = ?))
	bind => [3A9B3236-113D-44E0-B570-8B8E9B162A9E, 1]
[EL Finer]: transaction: 2016-06-22 08:29:10.047--ClientSession(1044164684)--Connection(142607382)--Thread(Thread[Test worker,5,main])--commit transaction
[EL Finest]: connection: 2016-06-22 08:29:10.05--ServerSession(132201555)--Connection(2127228852)--Thread(Thread[Test worker,5,main])--Connection released to connection pool [default].
[EL Finer]: transaction: 2016-06-22 08:29:10.051--UnitOfWork(39480704)--Thread(Thread[Test worker,5,main])--end unit of work commit
[EL Finer]: transaction: 2016-06-22 08:29:10.051--UnitOfWork(39480704)--Thread(Thread[Test worker,5,main])--resume unit of work
[EL Finer]: transaction: 2016-06-22 08:29:10.051--UnitOfWork(39480704)--Thread(Thread[Test worker,5,main])--release unit of work
[EL Finer]: connection: 2016-06-22 08:29:10.051--ClientSession(1044164684)--Thread(Thread[Test worker,5,main])--client released
]]></system-out>
  <system-err><![CDATA[City.cityName may not be null
java.lang.SecurityException: City.cityName may not be null
	at com.athena.server.pluggable.utils.helper.EntityValidatorHelper.validateEntity(EntityValidatorHelper.java:37)
	at com.app.shared.organization.locationmanagement.City.isValid(City.java:250)
	at com.app.server.service.organization.locationmanagement.CityTestCase.validateCity(CityTestCase.java:269)
	at com.app.server.service.organization.locationmanagement.CityTestCase.test5NegativeTesting(CityTestCase.java:308)
	at sun.reflect.NativeMethodAccessorImpl.invoke0(Native Method)
	at sun.reflect.NativeMethodAccessorImpl.invoke(NativeMethodAccessorImpl.java:57)
	at sun.reflect.DelegatingMethodAccessorImpl.invoke(DelegatingMethodAccessorImpl.java:43)
	at java.lang.reflect.Method.invoke(Method.java:606)
	at org.junit.runners.model.FrameworkMethod$1.runReflectiveCall(FrameworkMethod.java:47)
	at org.junit.internal.runners.model.ReflectiveCallable.run(ReflectiveCallable.java:12)
	at org.junit.runners.model.FrameworkMethod.invokeExplosively(FrameworkMethod.java:44)
	at org.junit.internal.runners.statements.InvokeMethod.evaluate(InvokeMethod.java:17)
	at org.junit.internal.runners.statements.RunBefores.evaluate(RunBefores.java:26)
	at org.springframework.test.context.junit4.statements.RunBeforeTestMethodCallbacks.evaluate(RunBeforeTestMethodCallbacks.java:74)
	at org.junit.internal.runners.statements.RunAfters.evaluate(RunAfters.java:27)
	at org.springframework.test.context.junit4.statements.RunAfterTestMethodCallbacks.evaluate(RunAfterTestMethodCallbacks.java:83)
	at org.springframework.test.context.junit4.statements.SpringRepeat.evaluate(SpringRepeat.java:72)
	at org.springframework.test.context.junit4.SpringJUnit4ClassRunner.runChild(SpringJUnit4ClassRunner.java:233)
	at org.springframework.test.context.junit4.SpringJUnit4ClassRunner.runChild(SpringJUnit4ClassRunner.java:87)
	at org.junit.runners.ParentRunner$3.run(ParentRunner.java:238)
	at org.junit.runners.ParentRunner$1.schedule(ParentRunner.java:63)
	at org.junit.runners.ParentRunner.runChildren(ParentRunner.java:236)
	at org.junit.runners.ParentRunner.access$000(ParentRunner.java:53)
	at org.junit.runners.ParentRunner$2.evaluate(ParentRunner.java:229)
	at org.junit.internal.runners.statements.RunBefores.evaluate(RunBefores.java:26)
	at org.springframework.test.context.junit4.statements.RunBeforeTestClassCallbacks.evaluate(RunBeforeTestClassCallbacks.java:61)
	at org.springframework.test.context.junit4.statements.RunAfterTestClassCallbacks.evaluate(RunAfterTestClassCallbacks.java:71)
	at org.junit.runners.ParentRunner.run(ParentRunner.java:309)
	at org.springframework.test.context.junit4.SpringJUnit4ClassRunner.run(SpringJUnit4ClassRunner.java:176)
	at org.gradle.api.internal.tasks.testing.junit.JUnitTestClassExecuter.runTestClass(JUnitTestClassExecuter.java:86)
	at org.gradle.api.internal.tasks.testing.junit.JUnitTestClassExecuter.execute(JUnitTestClassExecuter.java:49)
	at org.gradle.api.internal.tasks.testing.junit.JUnitTestClassProcessor.processTestClass(JUnitTestClassProcessor.java:64)
	at org.gradle.api.internal.tasks.testing.SuiteTestClassProcessor.processTestClass(SuiteTestClassProcessor.java:50)
	at sun.reflect.NativeMethodAccessorImpl.invoke0(Native Method)
	at sun.reflect.NativeMethodAccessorImpl.invoke(NativeMethodAccessorImpl.java:57)
	at sun.reflect.DelegatingMethodAccessorImpl.invoke(DelegatingMethodAccessorImpl.java:43)
	at java.lang.reflect.Method.invoke(Method.java:606)
	at org.gradle.messaging.dispatch.ReflectionDispatch.dispatch(ReflectionDispatch.java:35)
	at org.gradle.messaging.dispatch.ReflectionDispatch.dispatch(ReflectionDispatch.java:24)
	at org.gradle.messaging.dispatch.ContextClassLoaderDispatch.dispatch(ContextClassLoaderDispatch.java:32)
	at org.gradle.messaging.dispatch.ProxyDispatchAdapter$DispatchingInvocationHandler.invoke(ProxyDispatchAdapter.java:93)
	at com.sun.proxy.$Proxy2.processTestClass(Unknown Source)
	at org.gradle.api.internal.tasks.testing.worker.TestWorker.processTestClass(TestWorker.java:106)
	at sun.reflect.NativeMethodAccessorImpl.invoke0(Native Method)
	at sun.reflect.NativeMethodAccessorImpl.invoke(NativeMethodAccessorImpl.java:57)
	at sun.reflect.DelegatingMethodAccessorImpl.invoke(DelegatingMethodAccessorImpl.java:43)
	at java.lang.reflect.Method.invoke(Method.java:606)
	at org.gradle.messaging.dispatch.ReflectionDispatch.dispatch(ReflectionDispatch.java:35)
	at org.gradle.messaging.dispatch.ReflectionDispatch.dispatch(ReflectionDispatch.java:24)
	at org.gradle.messaging.remote.internal.hub.MessageHub$Handler.run(MessageHub.java:360)
	at org.gradle.internal.concurrent.DefaultExecutorFactory$StoppableExecutorImpl$1.run(DefaultExecutorFactory.java:64)
	at java.util.concurrent.ThreadPoolExecutor.runWorker(ThreadPoolExecutor.java:1145)
	at java.util.concurrent.ThreadPoolExecutor$Worker.run(ThreadPoolExecutor.java:615)
	at java.lang.Thread.run(Thread.java:745)
City.cityName size must be between 0 and 256
java.lang.SecurityException: City.cityName size must be between 0 and 256
	at com.athena.server.pluggable.utils.helper.EntityValidatorHelper.validateEntity(EntityValidatorHelper.java:37)
	at com.app.shared.organization.locationmanagement.City.isValid(City.java:250)
	at com.app.server.service.organization.locationmanagement.CityTestCase.validateCity(CityTestCase.java:267)
	at com.app.server.service.organization.locationmanagement.CityTestCase.test5NegativeTesting(CityTestCase.java:313)
	at sun.reflect.NativeMethodAccessorImpl.invoke0(Native Method)
	at sun.reflect.NativeMethodAccessorImpl.invoke(NativeMethodAccessorImpl.java:57)
	at sun.reflect.DelegatingMethodAccessorImpl.invoke(DelegatingMethodAccessorImpl.java:43)
	at java.lang.reflect.Method.invoke(Method.java:606)
	at org.junit.runners.model.FrameworkMethod$1.runReflectiveCall(FrameworkMethod.java:47)
	at org.junit.internal.runners.model.ReflectiveCallable.run(ReflectiveCallable.java:12)
	at org.junit.runners.model.FrameworkMethod.invokeExplosively(FrameworkMethod.java:44)
	at org.junit.internal.runners.statements.InvokeMethod.evaluate(InvokeMethod.java:17)
	at org.junit.internal.runners.statements.RunBefores.evaluate(RunBefores.java:26)
	at org.springframework.test.context.junit4.statements.RunBeforeTestMethodCallbacks.evaluate(RunBeforeTestMethodCallbacks.java:74)
	at org.junit.internal.runners.statements.RunAfters.evaluate(RunAfters.java:27)
	at org.springframework.test.context.junit4.statements.RunAfterTestMethodCallbacks.evaluate(RunAfterTestMethodCallbacks.java:83)
	at org.springframework.test.context.junit4.statements.SpringRepeat.evaluate(SpringRepeat.java:72)
	at org.springframework.test.context.junit4.SpringJUnit4ClassRunner.runChild(SpringJUnit4ClassRunner.java:233)
	at org.springframework.test.context.junit4.SpringJUnit4ClassRunner.runChild(SpringJUnit4ClassRunner.java:87)
	at org.junit.runners.ParentRunner$3.run(ParentRunner.java:238)
	at org.junit.runners.ParentRunner$1.schedule(ParentRunner.java:63)
	at org.junit.runners.ParentRunner.runChildren(ParentRunner.java:236)
	at org.junit.runners.ParentRunner.access$000(ParentRunner.java:53)
	at org.junit.runners.ParentRunner$2.evaluate(ParentRunner.java:229)
	at org.junit.internal.runners.statements.RunBefores.evaluate(RunBefores.java:26)
	at org.springframework.test.context.junit4.statements.RunBeforeTestClassCallbacks.evaluate(RunBeforeTestClassCallbacks.java:61)
	at org.springframework.test.context.junit4.statements.RunAfterTestClassCallbacks.evaluate(RunAfterTestClassCallbacks.java:71)
	at org.junit.runners.ParentRunner.run(ParentRunner.java:309)
	at org.springframework.test.context.junit4.SpringJUnit4ClassRunner.run(SpringJUnit4ClassRunner.java:176)
	at org.gradle.api.internal.tasks.testing.junit.JUnitTestClassExecuter.runTestClass(JUnitTestClassExecuter.java:86)
	at org.gradle.api.internal.tasks.testing.junit.JUnitTestClassExecuter.execute(JUnitTestClassExecuter.java:49)
	at org.gradle.api.internal.tasks.testing.junit.JUnitTestClassProcessor.processTestClass(JUnitTestClassProcessor.java:64)
	at org.gradle.api.internal.tasks.testing.SuiteTestClassProcessor.processTestClass(SuiteTestClassProcessor.java:50)
	at sun.reflect.NativeMethodAccessorImpl.invoke0(Native Method)
	at sun.reflect.NativeMethodAccessorImpl.invoke(NativeMethodAccessorImpl.java:57)
	at sun.reflect.DelegatingMethodAccessorImpl.invoke(DelegatingMethodAccessorImpl.java:43)
	at java.lang.reflect.Method.invoke(Method.java:606)
	at org.gradle.messaging.dispatch.ReflectionDispatch.dispatch(ReflectionDispatch.java:35)
	at org.gradle.messaging.dispatch.ReflectionDispatch.dispatch(ReflectionDispatch.java:24)
	at org.gradle.messaging.dispatch.ContextClassLoaderDispatch.dispatch(ContextClassLoaderDispatch.java:32)
	at org.gradle.messaging.dispatch.ProxyDispatchAdapter$DispatchingInvocationHandler.invoke(ProxyDispatchAdapter.java:93)
	at com.sun.proxy.$Proxy2.processTestClass(Unknown Source)
	at org.gradle.api.internal.tasks.testing.worker.TestWorker.processTestClass(TestWorker.java:106)
	at sun.reflect.NativeMethodAccessorImpl.invoke0(Native Method)
	at sun.reflect.NativeMethodAccessorImpl.invoke(NativeMethodAccessorImpl.java:57)
	at sun.reflect.DelegatingMethodAccessorImpl.invoke(DelegatingMethodAccessorImpl.java:43)
	at java.lang.reflect.Method.invoke(Method.java:606)
	at org.gradle.messaging.dispatch.ReflectionDispatch.dispatch(ReflectionDispatch.java:35)
	at org.gradle.messaging.dispatch.ReflectionDispatch.dispatch(ReflectionDispatch.java:24)
	at org.gradle.messaging.remote.internal.hub.MessageHub$Handler.run(MessageHub.java:360)
	at org.gradle.internal.concurrent.DefaultExecutorFactory$StoppableExecutorImpl$1.run(DefaultExecutorFactory.java:64)
	at java.util.concurrent.ThreadPoolExecutor.runWorker(ThreadPoolExecutor.java:1145)
	at java.util.concurrent.ThreadPoolExecutor$Worker.run(ThreadPoolExecutor.java:615)
	at java.lang.Thread.run(Thread.java:745)
City.cityCodeChar2 may not be null
java.lang.SecurityException: City.cityCodeChar2 may not be null
	at com.athena.server.pluggable.utils.helper.EntityValidatorHelper.validateEntity(EntityValidatorHelper.java:37)
	at com.app.shared.organization.locationmanagement.City.isValid(City.java:250)
	at com.app.server.service.organization.locationmanagement.CityTestCase.validateCity(CityTestCase.java:269)
	at com.app.server.service.organization.locationmanagement.CityTestCase.test5NegativeTesting(CityTestCase.java:319)
	at sun.reflect.NativeMethodAccessorImpl.invoke0(Native Method)
	at sun.reflect.NativeMethodAccessorImpl.invoke(NativeMethodAccessorImpl.java:57)
	at sun.reflect.DelegatingMethodAccessorImpl.invoke(DelegatingMethodAccessorImpl.java:43)
	at java.lang.reflect.Method.invoke(Method.java:606)
	at org.junit.runners.model.FrameworkMethod$1.runReflectiveCall(FrameworkMethod.java:47)
	at org.junit.internal.runners.model.ReflectiveCallable.run(ReflectiveCallable.java:12)
	at org.junit.runners.model.FrameworkMethod.invokeExplosively(FrameworkMethod.java:44)
	at org.junit.internal.runners.statements.InvokeMethod.evaluate(InvokeMethod.java:17)
	at org.junit.internal.runners.statements.RunBefores.evaluate(RunBefores.java:26)
	at org.springframework.test.context.junit4.statements.RunBeforeTestMethodCallbacks.evaluate(RunBeforeTestMethodCallbacks.java:74)
	at org.junit.internal.runners.statements.RunAfters.evaluate(RunAfters.java:27)
	at org.springframework.test.context.junit4.statements.RunAfterTestMethodCallbacks.evaluate(RunAfterTestMethodCallbacks.java:83)
	at org.springframework.test.context.junit4.statements.SpringRepeat.evaluate(SpringRepeat.java:72)
	at org.springframework.test.context.junit4.SpringJUnit4ClassRunner.runChild(SpringJUnit4ClassRunner.java:233)
	at org.springframework.test.context.junit4.SpringJUnit4ClassRunner.runChild(SpringJUnit4ClassRunner.java:87)
	at org.junit.runners.ParentRunner$3.run(ParentRunner.java:238)
	at org.junit.runners.ParentRunner$1.schedule(ParentRunner.java:63)
	at org.junit.runners.ParentRunner.runChildren(ParentRunner.java:236)
	at org.junit.runners.ParentRunner.access$000(ParentRunner.java:53)
	at org.junit.runners.ParentRunner$2.evaluate(ParentRunner.java:229)
	at org.junit.internal.runners.statements.RunBefores.evaluate(RunBefores.java:26)
	at org.springframework.test.context.junit4.statements.RunBeforeTestClassCallbacks.evaluate(RunBeforeTestClassCallbacks.java:61)
	at org.springframework.test.context.junit4.statements.RunAfterTestClassCallbacks.evaluate(RunAfterTestClassCallbacks.java:71)
	at org.junit.runners.ParentRunner.run(ParentRunner.java:309)
	at org.springframework.test.context.junit4.SpringJUnit4ClassRunner.run(SpringJUnit4ClassRunner.java:176)
	at org.gradle.api.internal.tasks.testing.junit.JUnitTestClassExecuter.runTestClass(JUnitTestClassExecuter.java:86)
	at org.gradle.api.internal.tasks.testing.junit.JUnitTestClassExecuter.execute(JUnitTestClassExecuter.java:49)
	at org.gradle.api.internal.tasks.testing.junit.JUnitTestClassProcessor.processTestClass(JUnitTestClassProcessor.java:64)
	at org.gradle.api.internal.tasks.testing.SuiteTestClassProcessor.processTestClass(SuiteTestClassProcessor.java:50)
	at sun.reflect.NativeMethodAccessorImpl.invoke0(Native Method)
	at sun.reflect.NativeMethodAccessorImpl.invoke(NativeMethodAccessorImpl.java:57)
	at sun.reflect.DelegatingMethodAccessorImpl.invoke(DelegatingMethodAccessorImpl.java:43)
	at java.lang.reflect.Method.invoke(Method.java:606)
	at org.gradle.messaging.dispatch.ReflectionDispatch.dispatch(ReflectionDispatch.java:35)
	at org.gradle.messaging.dispatch.ReflectionDispatch.dispatch(ReflectionDispatch.java:24)
	at org.gradle.messaging.dispatch.ContextClassLoaderDispatch.dispatch(ContextClassLoaderDispatch.java:32)
	at org.gradle.messaging.dispatch.ProxyDispatchAdapter$DispatchingInvocationHandler.invoke(ProxyDispatchAdapter.java:93)
	at com.sun.proxy.$Proxy2.processTestClass(Unknown Source)
	at org.gradle.api.internal.tasks.testing.worker.TestWorker.processTestClass(TestWorker.java:106)
	at sun.reflect.NativeMethodAccessorImpl.invoke0(Native Method)
	at sun.reflect.NativeMethodAccessorImpl.invoke(NativeMethodAccessorImpl.java:57)
	at sun.reflect.DelegatingMethodAccessorImpl.invoke(DelegatingMethodAccessorImpl.java:43)
	at java.lang.reflect.Method.invoke(Method.java:606)
	at org.gradle.messaging.dispatch.ReflectionDispatch.dispatch(ReflectionDispatch.java:35)
	at org.gradle.messaging.dispatch.ReflectionDispatch.dispatch(ReflectionDispatch.java:24)
	at org.gradle.messaging.remote.internal.hub.MessageHub$Handler.run(MessageHub.java:360)
	at org.gradle.internal.concurrent.DefaultExecutorFactory$StoppableExecutorImpl$1.run(DefaultExecutorFactory.java:64)
	at java.util.concurrent.ThreadPoolExecutor.runWorker(ThreadPoolExecutor.java:1145)
	at java.util.concurrent.ThreadPoolExecutor$Worker.run(ThreadPoolExecutor.java:615)
	at java.lang.Thread.run(Thread.java:745)
City.cityCodeChar2 size must be between 0 and 32
java.lang.SecurityException: City.cityCodeChar2 size must be between 0 and 32
	at com.athena.server.pluggable.utils.helper.EntityValidatorHelper.validateEntity(EntityValidatorHelper.java:37)
	at com.app.shared.organization.locationmanagement.City.isValid(City.java:250)
	at com.app.server.service.organization.locationmanagement.CityTestCase.validateCity(CityTestCase.java:267)
	at com.app.server.service.organization.locationmanagement.CityTestCase.test5NegativeTesting(CityTestCase.java:324)
	at sun.reflect.NativeMethodAccessorImpl.invoke0(Native Method)
	at sun.reflect.NativeMethodAccessorImpl.invoke(NativeMethodAccessorImpl.java:57)
	at sun.reflect.DelegatingMethodAccessorImpl.invoke(DelegatingMethodAccessorImpl.java:43)
	at java.lang.reflect.Method.invoke(Method.java:606)
	at org.junit.runners.model.FrameworkMethod$1.runReflectiveCall(FrameworkMethod.java:47)
	at org.junit.internal.runners.model.ReflectiveCallable.run(ReflectiveCallable.java:12)
	at org.junit.runners.model.FrameworkMethod.invokeExplosively(FrameworkMethod.java:44)
	at org.junit.internal.runners.statements.InvokeMethod.evaluate(InvokeMethod.java:17)
	at org.junit.internal.runners.statements.RunBefores.evaluate(RunBefores.java:26)
	at org.springframework.test.context.junit4.statements.RunBeforeTestMethodCallbacks.evaluate(RunBeforeTestMethodCallbacks.java:74)
	at org.junit.internal.runners.statements.RunAfters.evaluate(RunAfters.java:27)
	at org.springframework.test.context.junit4.statements.RunAfterTestMethodCallbacks.evaluate(RunAfterTestMethodCallbacks.java:83)
	at org.springframework.test.context.junit4.statements.SpringRepeat.evaluate(SpringRepeat.java:72)
	at org.springframework.test.context.junit4.SpringJUnit4ClassRunner.runChild(SpringJUnit4ClassRunner.java:233)
	at org.springframework.test.context.junit4.SpringJUnit4ClassRunner.runChild(SpringJUnit4ClassRunner.java:87)
	at org.junit.runners.ParentRunner$3.run(ParentRunner.java:238)
	at org.junit.runners.ParentRunner$1.schedule(ParentRunner.java:63)
	at org.junit.runners.ParentRunner.runChildren(ParentRunner.java:236)
	at org.junit.runners.ParentRunner.access$000(ParentRunner.java:53)
	at org.junit.runners.ParentRunner$2.evaluate(ParentRunner.java:229)
	at org.junit.internal.runners.statements.RunBefores.evaluate(RunBefores.java:26)
	at org.springframework.test.context.junit4.statements.RunBeforeTestClassCallbacks.evaluate(RunBeforeTestClassCallbacks.java:61)
	at org.springframework.test.context.junit4.statements.RunAfterTestClassCallbacks.evaluate(RunAfterTestClassCallbacks.java:71)
	at org.junit.runners.ParentRunner.run(ParentRunner.java:309)
	at org.springframework.test.context.junit4.SpringJUnit4ClassRunner.run(SpringJUnit4ClassRunner.java:176)
	at org.gradle.api.internal.tasks.testing.junit.JUnitTestClassExecuter.runTestClass(JUnitTestClassExecuter.java:86)
	at org.gradle.api.internal.tasks.testing.junit.JUnitTestClassExecuter.execute(JUnitTestClassExecuter.java:49)
	at org.gradle.api.internal.tasks.testing.junit.JUnitTestClassProcessor.processTestClass(JUnitTestClassProcessor.java:64)
	at org.gradle.api.internal.tasks.testing.SuiteTestClassProcessor.processTestClass(SuiteTestClassProcessor.java:50)
	at sun.reflect.NativeMethodAccessorImpl.invoke0(Native Method)
	at sun.reflect.NativeMethodAccessorImpl.invoke(NativeMethodAccessorImpl.java:57)
	at sun.reflect.DelegatingMethodAccessorImpl.invoke(DelegatingMethodAccessorImpl.java:43)
	at java.lang.reflect.Method.invoke(Method.java:606)
	at org.gradle.messaging.dispatch.ReflectionDispatch.dispatch(ReflectionDispatch.java:35)
	at org.gradle.messaging.dispatch.ReflectionDispatch.dispatch(ReflectionDispatch.java:24)
	at org.gradle.messaging.dispatch.ContextClassLoaderDispatch.dispatch(ContextClassLoaderDispatch.java:32)
	at org.gradle.messaging.dispatch.ProxyDispatchAdapter$DispatchingInvocationHandler.invoke(ProxyDispatchAdapter.java:93)
	at com.sun.proxy.$Proxy2.processTestClass(Unknown Source)
	at org.gradle.api.internal.tasks.testing.worker.TestWorker.processTestClass(TestWorker.java:106)
	at sun.reflect.NativeMethodAccessorImpl.invoke0(Native Method)
	at sun.reflect.NativeMethodAccessorImpl.invoke(NativeMethodAccessorImpl.java:57)
	at sun.reflect.DelegatingMethodAccessorImpl.invoke(DelegatingMethodAccessorImpl.java:43)
	at java.lang.reflect.Method.invoke(Method.java:606)
	at org.gradle.messaging.dispatch.ReflectionDispatch.dispatch(ReflectionDispatch.java:35)
	at org.gradle.messaging.dispatch.ReflectionDispatch.dispatch(ReflectionDispatch.java:24)
	at org.gradle.messaging.remote.internal.hub.MessageHub$Handler.run(MessageHub.java:360)
	at org.gradle.internal.concurrent.DefaultExecutorFactory$StoppableExecutorImpl$1.run(DefaultExecutorFactory.java:64)
	at java.util.concurrent.ThreadPoolExecutor.runWorker(ThreadPoolExecutor.java:1145)
	at java.util.concurrent.ThreadPoolExecutor$Worker.run(ThreadPoolExecutor.java:615)
	at java.lang.Thread.run(Thread.java:745)
City.cityCode may not be null
java.lang.SecurityException: City.cityCode may not be null
	at com.athena.server.pluggable.utils.helper.EntityValidatorHelper.validateEntity(EntityValidatorHelper.java:37)
	at com.app.shared.organization.locationmanagement.City.isValid(City.java:250)
	at com.app.server.service.organization.locationmanagement.CityTestCase.validateCity(CityTestCase.java:269)
	at com.app.server.service.organization.locationmanagement.CityTestCase.test5NegativeTesting(CityTestCase.java:330)
	at sun.reflect.NativeMethodAccessorImpl.invoke0(Native Method)
	at sun.reflect.NativeMethodAccessorImpl.invoke(NativeMethodAccessorImpl.java:57)
	at sun.reflect.DelegatingMethodAccessorImpl.invoke(DelegatingMethodAccessorImpl.java:43)
	at java.lang.reflect.Method.invoke(Method.java:606)
	at org.junit.runners.model.FrameworkMethod$1.runReflectiveCall(FrameworkMethod.java:47)
	at org.junit.internal.runners.model.ReflectiveCallable.run(ReflectiveCallable.java:12)
	at org.junit.runners.model.FrameworkMethod.invokeExplosively(FrameworkMethod.java:44)
	at org.junit.internal.runners.statements.InvokeMethod.evaluate(InvokeMethod.java:17)
	at org.junit.internal.runners.statements.RunBefores.evaluate(RunBefores.java:26)
	at org.springframework.test.context.junit4.statements.RunBeforeTestMethodCallbacks.evaluate(RunBeforeTestMethodCallbacks.java:74)
	at org.junit.internal.runners.statements.RunAfters.evaluate(RunAfters.java:27)
	at org.springframework.test.context.junit4.statements.RunAfterTestMethodCallbacks.evaluate(RunAfterTestMethodCallbacks.java:83)
	at org.springframework.test.context.junit4.statements.SpringRepeat.evaluate(SpringRepeat.java:72)
	at org.springframework.test.context.junit4.SpringJUnit4ClassRunner.runChild(SpringJUnit4ClassRunner.java:233)
	at org.springframework.test.context.junit4.SpringJUnit4ClassRunner.runChild(SpringJUnit4ClassRunner.java:87)
	at org.junit.runners.ParentRunner$3.run(ParentRunner.java:238)
	at org.junit.runners.ParentRunner$1.schedule(ParentRunner.java:63)
	at org.junit.runners.ParentRunner.runChildren(ParentRunner.java:236)
	at org.junit.runners.ParentRunner.access$000(ParentRunner.java:53)
	at org.junit.runners.ParentRunner$2.evaluate(ParentRunner.java:229)
	at org.junit.internal.runners.statements.RunBefores.evaluate(RunBefores.java:26)
	at org.springframework.test.context.junit4.statements.RunBeforeTestClassCallbacks.evaluate(RunBeforeTestClassCallbacks.java:61)
	at org.springframework.test.context.junit4.statements.RunAfterTestClassCallbacks.evaluate(RunAfterTestClassCallbacks.java:71)
	at org.junit.runners.ParentRunner.run(ParentRunner.java:309)
	at org.springframework.test.context.junit4.SpringJUnit4ClassRunner.run(SpringJUnit4ClassRunner.java:176)
	at org.gradle.api.internal.tasks.testing.junit.JUnitTestClassExecuter.runTestClass(JUnitTestClassExecuter.java:86)
	at org.gradle.api.internal.tasks.testing.junit.JUnitTestClassExecuter.execute(JUnitTestClassExecuter.java:49)
	at org.gradle.api.internal.tasks.testing.junit.JUnitTestClassProcessor.processTestClass(JUnitTestClassProcessor.java:64)
	at org.gradle.api.internal.tasks.testing.SuiteTestClassProcessor.processTestClass(SuiteTestClassProcessor.java:50)
	at sun.reflect.NativeMethodAccessorImpl.invoke0(Native Method)
	at sun.reflect.NativeMethodAccessorImpl.invoke(NativeMethodAccessorImpl.java:57)
	at sun.reflect.DelegatingMethodAccessorImpl.invoke(DelegatingMethodAccessorImpl.java:43)
	at java.lang.reflect.Method.invoke(Method.java:606)
	at org.gradle.messaging.dispatch.ReflectionDispatch.dispatch(ReflectionDispatch.java:35)
	at org.gradle.messaging.dispatch.ReflectionDispatch.dispatch(ReflectionDispatch.java:24)
	at org.gradle.messaging.dispatch.ContextClassLoaderDispatch.dispatch(ContextClassLoaderDispatch.java:32)
	at org.gradle.messaging.dispatch.ProxyDispatchAdapter$DispatchingInvocationHandler.invoke(ProxyDispatchAdapter.java:93)
	at com.sun.proxy.$Proxy2.processTestClass(Unknown Source)
	at org.gradle.api.internal.tasks.testing.worker.TestWorker.processTestClass(TestWorker.java:106)
	at sun.reflect.NativeMethodAccessorImpl.invoke0(Native Method)
	at sun.reflect.NativeMethodAccessorImpl.invoke(NativeMethodAccessorImpl.java:57)
	at sun.reflect.DelegatingMethodAccessorImpl.invoke(DelegatingMethodAccessorImpl.java:43)
	at java.lang.reflect.Method.invoke(Method.java:606)
	at org.gradle.messaging.dispatch.ReflectionDispatch.dispatch(ReflectionDispatch.java:35)
	at org.gradle.messaging.dispatch.ReflectionDispatch.dispatch(ReflectionDispatch.java:24)
	at org.gradle.messaging.remote.internal.hub.MessageHub$Handler.run(MessageHub.java:360)
	at org.gradle.internal.concurrent.DefaultExecutorFactory$StoppableExecutorImpl$1.run(DefaultExecutorFactory.java:64)
	at java.util.concurrent.ThreadPoolExecutor.runWorker(ThreadPoolExecutor.java:1145)
	at java.util.concurrent.ThreadPoolExecutor$Worker.run(ThreadPoolExecutor.java:615)
	at java.lang.Thread.run(Thread.java:745)
City.cityCode must be less than or equal to 3
java.lang.SecurityException: City.cityCode must be less than or equal to 3
	at com.athena.server.pluggable.utils.helper.EntityValidatorHelper.validateEntity(EntityValidatorHelper.java:37)
	at com.app.shared.organization.locationmanagement.City.isValid(City.java:250)
	at com.app.server.service.organization.locationmanagement.CityTestCase.validateCity(CityTestCase.java:267)
	at com.app.server.service.organization.locationmanagement.CityTestCase.test5NegativeTesting(CityTestCase.java:335)
	at sun.reflect.NativeMethodAccessorImpl.invoke0(Native Method)
	at sun.reflect.NativeMethodAccessorImpl.invoke(NativeMethodAccessorImpl.java:57)
	at sun.reflect.DelegatingMethodAccessorImpl.invoke(DelegatingMethodAccessorImpl.java:43)
	at java.lang.reflect.Method.invoke(Method.java:606)
	at org.junit.runners.model.FrameworkMethod$1.runReflectiveCall(FrameworkMethod.java:47)
	at org.junit.internal.runners.model.ReflectiveCallable.run(ReflectiveCallable.java:12)
	at org.junit.runners.model.FrameworkMethod.invokeExplosively(FrameworkMethod.java:44)
	at org.junit.internal.runners.statements.InvokeMethod.evaluate(InvokeMethod.java:17)
	at org.junit.internal.runners.statements.RunBefores.evaluate(RunBefores.java:26)
	at org.springframework.test.context.junit4.statements.RunBeforeTestMethodCallbacks.evaluate(RunBeforeTestMethodCallbacks.java:74)
	at org.junit.internal.runners.statements.RunAfters.evaluate(RunAfters.java:27)
	at org.springframework.test.context.junit4.statements.RunAfterTestMethodCallbacks.evaluate(RunAfterTestMethodCallbacks.java:83)
	at org.springframework.test.context.junit4.statements.SpringRepeat.evaluate(SpringRepeat.java:72)
	at org.springframework.test.context.junit4.SpringJUnit4ClassRunner.runChild(SpringJUnit4ClassRunner.java:233)
	at org.springframework.test.context.junit4.SpringJUnit4ClassRunner.runChild(SpringJUnit4ClassRunner.java:87)
	at org.junit.runners.ParentRunner$3.run(ParentRunner.java:238)
	at org.junit.runners.ParentRunner$1.schedule(ParentRunner.java:63)
	at org.junit.runners.ParentRunner.runChildren(ParentRunner.java:236)
	at org.junit.runners.ParentRunner.access$000(ParentRunner.java:53)
	at org.junit.runners.ParentRunner$2.evaluate(ParentRunner.java:229)
	at org.junit.internal.runners.statements.RunBefores.evaluate(RunBefores.java:26)
	at org.springframework.test.context.junit4.statements.RunBeforeTestClassCallbacks.evaluate(RunBeforeTestClassCallbacks.java:61)
	at org.springframework.test.context.junit4.statements.RunAfterTestClassCallbacks.evaluate(RunAfterTestClassCallbacks.java:71)
	at org.junit.runners.ParentRunner.run(ParentRunner.java:309)
	at org.springframework.test.context.junit4.SpringJUnit4ClassRunner.run(SpringJUnit4ClassRunner.java:176)
	at org.gradle.api.internal.tasks.testing.junit.JUnitTestClassExecuter.runTestClass(JUnitTestClassExecuter.java:86)
	at org.gradle.api.internal.tasks.testing.junit.JUnitTestClassExecuter.execute(JUnitTestClassExecuter.java:49)
	at org.gradle.api.internal.tasks.testing.junit.JUnitTestClassProcessor.processTestClass(JUnitTestClassProcessor.java:64)
	at org.gradle.api.internal.tasks.testing.SuiteTestClassProcessor.processTestClass(SuiteTestClassProcessor.java:50)
	at sun.reflect.NativeMethodAccessorImpl.invoke0(Native Method)
	at sun.reflect.NativeMethodAccessorImpl.invoke(NativeMethodAccessorImpl.java:57)
	at sun.reflect.DelegatingMethodAccessorImpl.invoke(DelegatingMethodAccessorImpl.java:43)
	at java.lang.reflect.Method.invoke(Method.java:606)
	at org.gradle.messaging.dispatch.ReflectionDispatch.dispatch(ReflectionDispatch.java:35)
	at org.gradle.messaging.dispatch.ReflectionDispatch.dispatch(ReflectionDispatch.java:24)
	at org.gradle.messaging.dispatch.ContextClassLoaderDispatch.dispatch(ContextClassLoaderDispatch.java:32)
	at org.gradle.messaging.dispatch.ProxyDispatchAdapter$DispatchingInvocationHandler.invoke(ProxyDispatchAdapter.java:93)
	at com.sun.proxy.$Proxy2.processTestClass(Unknown Source)
	at org.gradle.api.internal.tasks.testing.worker.TestWorker.processTestClass(TestWorker.java:106)
	at sun.reflect.NativeMethodAccessorImpl.invoke0(Native Method)
	at sun.reflect.NativeMethodAccessorImpl.invoke(NativeMethodAccessorImpl.java:57)
	at sun.reflect.DelegatingMethodAccessorImpl.invoke(DelegatingMethodAccessorImpl.java:43)
	at java.lang.reflect.Method.invoke(Method.java:606)
	at org.gradle.messaging.dispatch.ReflectionDispatch.dispatch(ReflectionDispatch.java:35)
	at org.gradle.messaging.dispatch.ReflectionDispatch.dispatch(ReflectionDispatch.java:24)
	at org.gradle.messaging.remote.internal.hub.MessageHub$Handler.run(MessageHub.java:360)
	at org.gradle.internal.concurrent.DefaultExecutorFactory$StoppableExecutorImpl$1.run(DefaultExecutorFactory.java:64)
	at java.util.concurrent.ThreadPoolExecutor.runWorker(ThreadPoolExecutor.java:1145)
	at java.util.concurrent.ThreadPoolExecutor$Worker.run(ThreadPoolExecutor.java:615)
	at java.lang.Thread.run(Thread.java:745)
City.cityDescription size must be between 0 and 128
java.lang.SecurityException: City.cityDescription size must be between 0 and 128
	at com.athena.server.pluggable.utils.helper.EntityValidatorHelper.validateEntity(EntityValidatorHelper.java:37)
	at com.app.shared.organization.locationmanagement.City.isValid(City.java:250)
	at com.app.server.service.organization.locationmanagement.CityTestCase.validateCity(CityTestCase.java:267)
	at com.app.server.service.organization.locationmanagement.CityTestCase.test5NegativeTesting(CityTestCase.java:340)
	at sun.reflect.NativeMethodAccessorImpl.invoke0(Native Method)
	at sun.reflect.NativeMethodAccessorImpl.invoke(NativeMethodAccessorImpl.java:57)
	at sun.reflect.DelegatingMethodAccessorImpl.invoke(DelegatingMethodAccessorImpl.java:43)
	at java.lang.reflect.Method.invoke(Method.java:606)
	at org.junit.runners.model.FrameworkMethod$1.runReflectiveCall(FrameworkMethod.java:47)
	at org.junit.internal.runners.model.ReflectiveCallable.run(ReflectiveCallable.java:12)
	at org.junit.runners.model.FrameworkMethod.invokeExplosively(FrameworkMethod.java:44)
	at org.junit.internal.runners.statements.InvokeMethod.evaluate(InvokeMethod.java:17)
	at org.junit.internal.runners.statements.RunBefores.evaluate(RunBefores.java:26)
	at org.springframework.test.context.junit4.statements.RunBeforeTestMethodCallbacks.evaluate(RunBeforeTestMethodCallbacks.java:74)
	at org.junit.internal.runners.statements.RunAfters.evaluate(RunAfters.java:27)
	at org.springframework.test.context.junit4.statements.RunAfterTestMethodCallbacks.evaluate(RunAfterTestMethodCallbacks.java:83)
	at org.springframework.test.context.junit4.statements.SpringRepeat.evaluate(SpringRepeat.java:72)
	at org.springframework.test.context.junit4.SpringJUnit4ClassRunner.runChild(SpringJUnit4ClassRunner.java:233)
	at org.springframework.test.context.junit4.SpringJUnit4ClassRunner.runChild(SpringJUnit4ClassRunner.java:87)
	at org.junit.runners.ParentRunner$3.run(ParentRunner.java:238)
	at org.junit.runners.ParentRunner$1.schedule(ParentRunner.java:63)
	at org.junit.runners.ParentRunner.runChildren(ParentRunner.java:236)
	at org.junit.runners.ParentRunner.access$000(ParentRunner.java:53)
	at org.junit.runners.ParentRunner$2.evaluate(ParentRunner.java:229)
	at org.junit.internal.runners.statements.RunBefores.evaluate(RunBefores.java:26)
	at org.springframework.test.context.junit4.statements.RunBeforeTestClassCallbacks.evaluate(RunBeforeTestClassCallbacks.java:61)
	at org.springframework.test.context.junit4.statements.RunAfterTestClassCallbacks.evaluate(RunAfterTestClassCallbacks.java:71)
	at org.junit.runners.ParentRunner.run(ParentRunner.java:309)
	at org.springframework.test.context.junit4.SpringJUnit4ClassRunner.run(SpringJUnit4ClassRunner.java:176)
	at org.gradle.api.internal.tasks.testing.junit.JUnitTestClassExecuter.runTestClass(JUnitTestClassExecuter.java:86)
	at org.gradle.api.internal.tasks.testing.junit.JUnitTestClassExecuter.execute(JUnitTestClassExecuter.java:49)
	at org.gradle.api.internal.tasks.testing.junit.JUnitTestClassProcessor.processTestClass(JUnitTestClassProcessor.java:64)
	at org.gradle.api.internal.tasks.testing.SuiteTestClassProcessor.processTestClass(SuiteTestClassProcessor.java:50)
	at sun.reflect.NativeMethodAccessorImpl.invoke0(Native Method)
	at sun.reflect.NativeMethodAccessorImpl.invoke(NativeMethodAccessorImpl.java:57)
	at sun.reflect.DelegatingMethodAccessorImpl.invoke(DelegatingMethodAccessorImpl.java:43)
	at java.lang.reflect.Method.invoke(Method.java:606)
	at org.gradle.messaging.dispatch.ReflectionDispatch.dispatch(ReflectionDispatch.java:35)
	at org.gradle.messaging.dispatch.ReflectionDispatch.dispatch(ReflectionDispatch.java:24)
	at org.gradle.messaging.dispatch.ContextClassLoaderDispatch.dispatch(ContextClassLoaderDispatch.java:32)
	at org.gradle.messaging.dispatch.ProxyDispatchAdapter$DispatchingInvocationHandler.invoke(ProxyDispatchAdapter.java:93)
	at com.sun.proxy.$Proxy2.processTestClass(Unknown Source)
	at org.gradle.api.internal.tasks.testing.worker.TestWorker.processTestClass(TestWorker.java:106)
	at sun.reflect.NativeMethodAccessorImpl.invoke0(Native Method)
	at sun.reflect.NativeMethodAccessorImpl.invoke(NativeMethodAccessorImpl.java:57)
	at sun.reflect.DelegatingMethodAccessorImpl.invoke(DelegatingMethodAccessorImpl.java:43)
	at java.lang.reflect.Method.invoke(Method.java:606)
	at org.gradle.messaging.dispatch.ReflectionDispatch.dispatch(ReflectionDispatch.java:35)
	at org.gradle.messaging.dispatch.ReflectionDispatch.dispatch(ReflectionDispatch.java:24)
	at org.gradle.messaging.remote.internal.hub.MessageHub$Handler.run(MessageHub.java:360)
	at org.gradle.internal.concurrent.DefaultExecutorFactory$StoppableExecutorImpl$1.run(DefaultExecutorFactory.java:64)
	at java.util.concurrent.ThreadPoolExecutor.runWorker(ThreadPoolExecutor.java:1145)
	at java.util.concurrent.ThreadPoolExecutor$Worker.run(ThreadPoolExecutor.java:615)
	at java.lang.Thread.run(Thread.java:745)
City.cityFlag size must be between 0 and 128
java.lang.SecurityException: City.cityFlag size must be between 0 and 128
	at com.athena.server.pluggable.utils.helper.EntityValidatorHelper.validateEntity(EntityValidatorHelper.java:37)
	at com.app.shared.organization.locationmanagement.City.isValid(City.java:250)
	at com.app.server.service.organization.locationmanagement.CityTestCase.validateCity(CityTestCase.java:267)
	at com.app.server.service.organization.locationmanagement.CityTestCase.test5NegativeTesting(CityTestCase.java:345)
	at sun.reflect.NativeMethodAccessorImpl.invoke0(Native Method)
	at sun.reflect.NativeMethodAccessorImpl.invoke(NativeMethodAccessorImpl.java:57)
	at sun.reflect.DelegatingMethodAccessorImpl.invoke(DelegatingMethodAccessorImpl.java:43)
	at java.lang.reflect.Method.invoke(Method.java:606)
	at org.junit.runners.model.FrameworkMethod$1.runReflectiveCall(FrameworkMethod.java:47)
	at org.junit.internal.runners.model.ReflectiveCallable.run(ReflectiveCallable.java:12)
	at org.junit.runners.model.FrameworkMethod.invokeExplosively(FrameworkMethod.java:44)
	at org.junit.internal.runners.statements.InvokeMethod.evaluate(InvokeMethod.java:17)
	at org.junit.internal.runners.statements.RunBefores.evaluate(RunBefores.java:26)
	at org.springframework.test.context.junit4.statements.RunBeforeTestMethodCallbacks.evaluate(RunBeforeTestMethodCallbacks.java:74)
	at org.junit.internal.runners.statements.RunAfters.evaluate(RunAfters.java:27)
	at org.springframework.test.context.junit4.statements.RunAfterTestMethodCallbacks.evaluate(RunAfterTestMethodCallbacks.java:83)
	at org.springframework.test.context.junit4.statements.SpringRepeat.evaluate(SpringRepeat.java:72)
	at org.springframework.test.context.junit4.SpringJUnit4ClassRunner.runChild(SpringJUnit4ClassRunner.java:233)
	at org.springframework.test.context.junit4.SpringJUnit4ClassRunner.runChild(SpringJUnit4ClassRunner.java:87)
	at org.junit.runners.ParentRunner$3.run(ParentRunner.java:238)
	at org.junit.runners.ParentRunner$1.schedule(ParentRunner.java:63)
	at org.junit.runners.ParentRunner.runChildren(ParentRunner.java:236)
	at org.junit.runners.ParentRunner.access$000(ParentRunner.java:53)
	at org.junit.runners.ParentRunner$2.evaluate(ParentRunner.java:229)
	at org.junit.internal.runners.statements.RunBefores.evaluate(RunBefores.java:26)
	at org.springframework.test.context.junit4.statements.RunBeforeTestClassCallbacks.evaluate(RunBeforeTestClassCallbacks.java:61)
	at org.springframework.test.context.junit4.statements.RunAfterTestClassCallbacks.evaluate(RunAfterTestClassCallbacks.java:71)
	at org.junit.runners.ParentRunner.run(ParentRunner.java:309)
	at org.springframework.test.context.junit4.SpringJUnit4ClassRunner.run(SpringJUnit4ClassRunner.java:176)
	at org.gradle.api.internal.tasks.testing.junit.JUnitTestClassExecuter.runTestClass(JUnitTestClassExecuter.java:86)
	at org.gradle.api.internal.tasks.testing.junit.JUnitTestClassExecuter.execute(JUnitTestClassExecuter.java:49)
	at org.gradle.api.internal.tasks.testing.junit.JUnitTestClassProcessor.processTestClass(JUnitTestClassProcessor.java:64)
	at org.gradle.api.internal.tasks.testing.SuiteTestClassProcessor.processTestClass(SuiteTestClassProcessor.java:50)
	at sun.reflect.NativeMethodAccessorImpl.invoke0(Native Method)
	at sun.reflect.NativeMethodAccessorImpl.invoke(NativeMethodAccessorImpl.java:57)
	at sun.reflect.DelegatingMethodAccessorImpl.invoke(DelegatingMethodAccessorImpl.java:43)
	at java.lang.reflect.Method.invoke(Method.java:606)
	at org.gradle.messaging.dispatch.ReflectionDispatch.dispatch(ReflectionDispatch.java:35)
	at org.gradle.messaging.dispatch.ReflectionDispatch.dispatch(ReflectionDispatch.java:24)
	at org.gradle.messaging.dispatch.ContextClassLoaderDispatch.dispatch(ContextClassLoaderDispatch.java:32)
	at org.gradle.messaging.dispatch.ProxyDispatchAdapter$DispatchingInvocationHandler.invoke(ProxyDispatchAdapter.java:93)
	at com.sun.proxy.$Proxy2.processTestClass(Unknown Source)
	at org.gradle.api.internal.tasks.testing.worker.TestWorker.processTestClass(TestWorker.java:106)
	at sun.reflect.NativeMethodAccessorImpl.invoke0(Native Method)
	at sun.reflect.NativeMethodAccessorImpl.invoke(NativeMethodAccessorImpl.java:57)
	at sun.reflect.DelegatingMethodAccessorImpl.invoke(DelegatingMethodAccessorImpl.java:43)
	at java.lang.reflect.Method.invoke(Method.java:606)
	at org.gradle.messaging.dispatch.ReflectionDispatch.dispatch(ReflectionDispatch.java:35)
	at org.gradle.messaging.dispatch.ReflectionDispatch.dispatch(ReflectionDispatch.java:24)
	at org.gradle.messaging.remote.internal.hub.MessageHub$Handler.run(MessageHub.java:360)
	at org.gradle.internal.concurrent.DefaultExecutorFactory$StoppableExecutorImpl$1.run(DefaultExecutorFactory.java:64)
	at java.util.concurrent.ThreadPoolExecutor.runWorker(ThreadPoolExecutor.java:1145)
	at java.util.concurrent.ThreadPoolExecutor$Worker.run(ThreadPoolExecutor.java:615)
	at java.lang.Thread.run(Thread.java:745)
City.cityLatitude must be less than or equal to 11
java.lang.SecurityException: City.cityLatitude must be less than or equal to 11
	at com.athena.server.pluggable.utils.helper.EntityValidatorHelper.validateEntity(EntityValidatorHelper.java:37)
	at com.app.shared.organization.locationmanagement.City.isValid(City.java:250)
	at com.app.server.service.organization.locationmanagement.CityTestCase.validateCity(CityTestCase.java:267)
	at com.app.server.service.organization.locationmanagement.CityTestCase.test5NegativeTesting(CityTestCase.java:350)
	at sun.reflect.NativeMethodAccessorImpl.invoke0(Native Method)
	at sun.reflect.NativeMethodAccessorImpl.invoke(NativeMethodAccessorImpl.java:57)
	at sun.reflect.DelegatingMethodAccessorImpl.invoke(DelegatingMethodAccessorImpl.java:43)
	at java.lang.reflect.Method.invoke(Method.java:606)
	at org.junit.runners.model.FrameworkMethod$1.runReflectiveCall(FrameworkMethod.java:47)
	at org.junit.internal.runners.model.ReflectiveCallable.run(ReflectiveCallable.java:12)
	at org.junit.runners.model.FrameworkMethod.invokeExplosively(FrameworkMethod.java:44)
	at org.junit.internal.runners.statements.InvokeMethod.evaluate(InvokeMethod.java:17)
	at org.junit.internal.runners.statements.RunBefores.evaluate(RunBefores.java:26)
	at org.springframework.test.context.junit4.statements.RunBeforeTestMethodCallbacks.evaluate(RunBeforeTestMethodCallbacks.java:74)
	at org.junit.internal.runners.statements.RunAfters.evaluate(RunAfters.java:27)
	at org.springframework.test.context.junit4.statements.RunAfterTestMethodCallbacks.evaluate(RunAfterTestMethodCallbacks.java:83)
	at org.springframework.test.context.junit4.statements.SpringRepeat.evaluate(SpringRepeat.java:72)
	at org.springframework.test.context.junit4.SpringJUnit4ClassRunner.runChild(SpringJUnit4ClassRunner.java:233)
	at org.springframework.test.context.junit4.SpringJUnit4ClassRunner.runChild(SpringJUnit4ClassRunner.java:87)
	at org.junit.runners.ParentRunner$3.run(ParentRunner.java:238)
	at org.junit.runners.ParentRunner$1.schedule(ParentRunner.java:63)
	at org.junit.runners.ParentRunner.runChildren(ParentRunner.java:236)
	at org.junit.runners.ParentRunner.access$000(ParentRunner.java:53)
	at org.junit.runners.ParentRunner$2.evaluate(ParentRunner.java:229)
	at org.junit.internal.runners.statements.RunBefores.evaluate(RunBefores.java:26)
	at org.springframework.test.context.junit4.statements.RunBeforeTestClassCallbacks.evaluate(RunBeforeTestClassCallbacks.java:61)
	at org.springframework.test.context.junit4.statements.RunAfterTestClassCallbacks.evaluate(RunAfterTestClassCallbacks.java:71)
	at org.junit.runners.ParentRunner.run(ParentRunner.java:309)
	at org.springframework.test.context.junit4.SpringJUnit4ClassRunner.run(SpringJUnit4ClassRunner.java:176)
	at org.gradle.api.internal.tasks.testing.junit.JUnitTestClassExecuter.runTestClass(JUnitTestClassExecuter.java:86)
	at org.gradle.api.internal.tasks.testing.junit.JUnitTestClassExecuter.execute(JUnitTestClassExecuter.java:49)
	at org.gradle.api.internal.tasks.testing.junit.JUnitTestClassProcessor.processTestClass(JUnitTestClassProcessor.java:64)
	at org.gradle.api.internal.tasks.testing.SuiteTestClassProcessor.processTestClass(SuiteTestClassProcessor.java:50)
	at sun.reflect.NativeMethodAccessorImpl.invoke0(Native Method)
	at sun.reflect.NativeMethodAccessorImpl.invoke(NativeMethodAccessorImpl.java:57)
	at sun.reflect.DelegatingMethodAccessorImpl.invoke(DelegatingMethodAccessorImpl.java:43)
	at java.lang.reflect.Method.invoke(Method.java:606)
	at org.gradle.messaging.dispatch.ReflectionDispatch.dispatch(ReflectionDispatch.java:35)
	at org.gradle.messaging.dispatch.ReflectionDispatch.dispatch(ReflectionDispatch.java:24)
	at org.gradle.messaging.dispatch.ContextClassLoaderDispatch.dispatch(ContextClassLoaderDispatch.java:32)
	at org.gradle.messaging.dispatch.ProxyDispatchAdapter$DispatchingInvocationHandler.invoke(ProxyDispatchAdapter.java:93)
	at com.sun.proxy.$Proxy2.processTestClass(Unknown Source)
	at org.gradle.api.internal.tasks.testing.worker.TestWorker.processTestClass(TestWorker.java:106)
	at sun.reflect.NativeMethodAccessorImpl.invoke0(Native Method)
	at sun.reflect.NativeMethodAccessorImpl.invoke(NativeMethodAccessorImpl.java:57)
	at sun.reflect.DelegatingMethodAccessorImpl.invoke(DelegatingMethodAccessorImpl.java:43)
	at java.lang.reflect.Method.invoke(Method.java:606)
	at org.gradle.messaging.dispatch.ReflectionDispatch.dispatch(ReflectionDispatch.java:35)
	at org.gradle.messaging.dispatch.ReflectionDispatch.dispatch(ReflectionDispatch.java:24)
	at org.gradle.messaging.remote.internal.hub.MessageHub$Handler.run(MessageHub.java:360)
	at org.gradle.internal.concurrent.DefaultExecutorFactory$StoppableExecutorImpl$1.run(DefaultExecutorFactory.java:64)
	at java.util.concurrent.ThreadPoolExecutor.runWorker(ThreadPoolExecutor.java:1145)
	at java.util.concurrent.ThreadPoolExecutor$Worker.run(ThreadPoolExecutor.java:615)
	at java.lang.Thread.run(Thread.java:745)
City.cityLongitude must be less than or equal to 11
java.lang.SecurityException: City.cityLongitude must be less than or equal to 11
	at com.athena.server.pluggable.utils.helper.EntityValidatorHelper.validateEntity(EntityValidatorHelper.java:37)
	at com.app.shared.organization.locationmanagement.City.isValid(City.java:250)
	at com.app.server.service.organization.locationmanagement.CityTestCase.validateCity(CityTestCase.java:267)
	at com.app.server.service.organization.locationmanagement.CityTestCase.test5NegativeTesting(CityTestCase.java:355)
	at sun.reflect.NativeMethodAccessorImpl.invoke0(Native Method)
	at sun.reflect.NativeMethodAccessorImpl.invoke(NativeMethodAccessorImpl.java:57)
	at sun.reflect.DelegatingMethodAccessorImpl.invoke(DelegatingMethodAccessorImpl.java:43)
	at java.lang.reflect.Method.invoke(Method.java:606)
	at org.junit.runners.model.FrameworkMethod$1.runReflectiveCall(FrameworkMethod.java:47)
	at org.junit.internal.runners.model.ReflectiveCallable.run(ReflectiveCallable.java:12)
	at org.junit.runners.model.FrameworkMethod.invokeExplosively(FrameworkMethod.java:44)
	at org.junit.internal.runners.statements.InvokeMethod.evaluate(InvokeMethod.java:17)
	at org.junit.internal.runners.statements.RunBefores.evaluate(RunBefores.java:26)
	at org.springframework.test.context.junit4.statements.RunBeforeTestMethodCallbacks.evaluate(RunBeforeTestMethodCallbacks.java:74)
	at org.junit.internal.runners.statements.RunAfters.evaluate(RunAfters.java:27)
	at org.springframework.test.context.junit4.statements.RunAfterTestMethodCallbacks.evaluate(RunAfterTestMethodCallbacks.java:83)
	at org.springframework.test.context.junit4.statements.SpringRepeat.evaluate(SpringRepeat.java:72)
	at org.springframework.test.context.junit4.SpringJUnit4ClassRunner.runChild(SpringJUnit4ClassRunner.java:233)
	at org.springframework.test.context.junit4.SpringJUnit4ClassRunner.runChild(SpringJUnit4ClassRunner.java:87)
	at org.junit.runners.ParentRunner$3.run(ParentRunner.java:238)
	at org.junit.runners.ParentRunner$1.schedule(ParentRunner.java:63)
	at org.junit.runners.ParentRunner.runChildren(ParentRunner.java:236)
	at org.junit.runners.ParentRunner.access$000(ParentRunner.java:53)
	at org.junit.runners.ParentRunner$2.evaluate(ParentRunner.java:229)
	at org.junit.internal.runners.statements.RunBefores.evaluate(RunBefores.java:26)
	at org.springframework.test.context.junit4.statements.RunBeforeTestClassCallbacks.evaluate(RunBeforeTestClassCallbacks.java:61)
	at org.springframework.test.context.junit4.statements.RunAfterTestClassCallbacks.evaluate(RunAfterTestClassCallbacks.java:71)
	at org.junit.runners.ParentRunner.run(ParentRunner.java:309)
	at org.springframework.test.context.junit4.SpringJUnit4ClassRunner.run(SpringJUnit4ClassRunner.java:176)
	at org.gradle.api.internal.tasks.testing.junit.JUnitTestClassExecuter.runTestClass(JUnitTestClassExecuter.java:86)
	at org.gradle.api.internal.tasks.testing.junit.JUnitTestClassExecuter.execute(JUnitTestClassExecuter.java:49)
	at org.gradle.api.internal.tasks.testing.junit.JUnitTestClassProcessor.processTestClass(JUnitTestClassProcessor.java:64)
	at org.gradle.api.internal.tasks.testing.SuiteTestClassProcessor.processTestClass(SuiteTestClassProcessor.java:50)
	at sun.reflect.NativeMethodAccessorImpl.invoke0(Native Method)
	at sun.reflect.NativeMethodAccessorImpl.invoke(NativeMethodAccessorImpl.java:57)
	at sun.reflect.DelegatingMethodAccessorImpl.invoke(DelegatingMethodAccessorImpl.java:43)
	at java.lang.reflect.Method.invoke(Method.java:606)
	at org.gradle.messaging.dispatch.ReflectionDispatch.dispatch(ReflectionDispatch.java:35)
	at org.gradle.messaging.dispatch.ReflectionDispatch.dispatch(ReflectionDispatch.java:24)
	at org.gradle.messaging.dispatch.ContextClassLoaderDispatch.dispatch(ContextClassLoaderDispatch.java:32)
	at org.gradle.messaging.dispatch.ProxyDispatchAdapter$DispatchingInvocationHandler.invoke(ProxyDispatchAdapter.java:93)
	at com.sun.proxy.$Proxy2.processTestClass(Unknown Source)
	at org.gradle.api.internal.tasks.testing.worker.TestWorker.processTestClass(TestWorker.java:106)
	at sun.reflect.NativeMethodAccessorImpl.invoke0(Native Method)
	at sun.reflect.NativeMethodAccessorImpl.invoke(NativeMethodAccessorImpl.java:57)
	at sun.reflect.DelegatingMethodAccessorImpl.invoke(DelegatingMethodAccessorImpl.java:43)
	at java.lang.reflect.Method.invoke(Method.java:606)
	at org.gradle.messaging.dispatch.ReflectionDispatch.dispatch(ReflectionDispatch.java:35)
	at org.gradle.messaging.dispatch.ReflectionDispatch.dispatch(ReflectionDispatch.java:24)
	at org.gradle.messaging.remote.internal.hub.MessageHub$Handler.run(MessageHub.java:360)
	at org.gradle.internal.concurrent.DefaultExecutorFactory$StoppableExecutorImpl$1.run(DefaultExecutorFactory.java:64)
	at java.util.concurrent.ThreadPoolExecutor.runWorker(ThreadPoolExecutor.java:1145)
	at java.util.concurrent.ThreadPoolExecutor$Worker.run(ThreadPoolExecutor.java:615)
	at java.lang.Thread.run(Thread.java:745)
]]></system-err>
</testsuite>
