<?xml version="1.0" encoding="UTF-8"?>
<testsuite name="com.app.server.service.organization.contactmanagement.CommunicationTypeTestCase" tests="5" skipped="0" failures="0" errors="0" timestamp="2016-06-22T08:29:10" hostname="0764d8594519" time="0.083">
  <properties/>
  <testcase name="test1Save" classname="com.app.server.service.organization.contactmanagement.CommunicationTypeTestCase" time="0.034"/>
  <testcase name="test2Update" classname="com.app.server.service.organization.contactmanagement.CommunicationTypeTestCase" time="0.016"/>
  <testcase name="test3FindById" classname="com.app.server.service.organization.contactmanagement.CommunicationTypeTestCase" time="0.007"/>
  <testcase name="test5NegativeTesting" classname="com.app.server.service.organization.contactmanagement.CommunicationTypeTestCase" time="0.009"/>
  <testcase name="test6Delete" classname="com.app.server.service.organization.contactmanagement.CommunicationTypeTestCase" time="0.016"/>
  <system-out><![CDATA[Wed Jun 22 08:29:10 UTC 2016|Log Manager Factory|Initialization Process started.....
Wed Jun 22 08:29:10 UTC 2016|Log Manager|Initialized with Path = [/home/applifire/workspace/appone/src/main/webapp/WEB-INF/conf]
Wed Jun 22 08:29:10 UTC 2016|Alarm Manager|Initialized with Path = [/home/applifire/workspace/appone/src/main/webapp/WEB-INF/conf]
Wed Jun 22 08:29:10 UTC 2016|Alarm Manager|Loading Alarms ......
Wed Jun 22 08:29:10 UTC 2016|Alarm XML Parser|FWA|XML Parsing Complete........ 
Wed Jun 22 08:29:10 UTC 2016|Alarm File Manager|FWA|Alarm File Status.. [ApplicationFrameworkAlarms.xml]|Version=15|Status=Done 
Wed Jun 22 08:29:10 UTC 2016|Alarm File Manager|FWA|Alarm Stats = ( BC/AL=4/676 SYS=4/10 [676/0]  TPL=0/0 [0/0]  APP= A.Map=[759]  E.Map EC/RC=[322/67] )
Wed Jun 22 08:29:10 UTC 2016|Alarm XML Parser|APP|XML Parsing Complete........ 
Wed Jun 22 08:29:10 UTC 2016|Alarm File Manager|APP|Alarm File Status.. [ApplicationAlarms.xml]|Version=1|Status=Done 
Wed Jun 22 08:29:10 UTC 2016|Alarm File Manager|APP|Alarm Stats = ( BC/AL=4/676 SYS=4/10 [676/0]  TPL=0/0 [0/0]  APP=0/0 [0/0]  A.Map=[759]  E.Map EC/RC=[322/67] )
Wed Jun 22 08:29:10 UTC 2016|ApplicationAlarmContext| <><><><><> Create App Alarms ....  <><><><><> 
Wed Jun 22 08:29:10 UTC 2016|ApplicationAlarmContext|Alarms are generated ONLY in Development Mode.. 
Wed Jun 22 08:29:10 UTC 2016|Alarm Manager|APP|Alarm Stats = ( BC/AL=4/676 SYS=4/10 [676/0]  TPL=0/0 [0/0]  APP=0/0 [0/0]  A.Map=[759]  E.Map EC/RC=[322/67] )
Wed Jun 22 08:29:10 UTC 2016|Alarm Manager|Initialized Exception Lookup...
Wed Jun 22 08:29:10 UTC 2016|Log Manager|Initialize Log Config File ......
Wed Jun 22 08:29:10 UTC 2016|Pluggable Connectors|Adding Connectors : StandardOutputConnector isEnabled=true isDefault=false isFallBack=true
Wed Jun 22 08:29:10 UTC 2016|Pluggable Connectors|Adding Connectors : StandardFileConnector isEnabled=true isDefault=false isFallBack=false
Wed Jun 22 08:29:10 UTC 2016|Pluggable Connectors|Adding Connectors : Sprinkler isEnabled=true isDefault=true isFallBack=false
Wed Jun 22 08:29:10 UTC 2016|Pluggable Connectors|Default Connector Name : com.spartan.logger.core.LogMessenger
Wed Jun 22 08:29:10 UTC 2016|Log Config Parser|Connector Least Log Level =[4]  FallBack Log Level =[3]
Wed Jun 22 08:29:10 UTC 2016|Log Manager|Loading Default Connector for Logging ......
Wed Jun 22 08:29:10 UTC 2016|Log Manager|Loading class .. com.spartan.logger.core.LogMessenger
Wed Jun 22 08:29:10 UTC 2016|Plugggable Connector|Connector class com.spartan.logger.core.LogMessenger Initialized... @ Log Level = 3
Wed Jun 22 08:29:10 UTC 2016|Log Manager|Starting the Default Connector [com.spartan.logger.core.LogMessenger@4f77f836] ....
Wed Jun 22 08:29:10 UTC 2016|Scheduler|Starting the Scheduler ......
Wed Jun 22 08:29:10 UTC 2016|Scheduler|Adding [LMID=[835d9c6e-2e8f-47e0-8589-67f461586124]] Delay=5 Time Unit=MINUTES
Wed Jun 22 08:29:10 UTC 2016|Scheduler|Adding [App Alarm Manager File=[ApplicationAlarms.xml]] Delay=30 Time Unit=MINUTES
Wed Jun 22 08:29:10 UTC 2016|Scheduler|Adding [FW Alarm Manager File=[ApplicationFrameworkAlarms.xml]] Delay=3 Time Unit=MINUTES
Wed Jun 22 08:29:10 UTC 2016|Scheduler|Startup Completed..
Wed Jun 22 08:29:10 UTC 2016|Log Manager|Initialization Process Complete ......
Wed Jun 22 08:29:10 UTC 2016|Log Manager Factory|Log Manager READY! ID = 835d9c6e-2e8f-47e0-8589-67f461586124
[EL Finer]: connection: 2016-06-22 08:29:10.466--ServerSession(132201555)--Thread(Thread[Test worker,5,main])--client acquired: 1562401397
[EL Finer]: transaction: 2016-06-22 08:29:10.466--ClientSession(1562401397)--Thread(Thread[Test worker,5,main])--acquire unit of work: 1997727510
[EL Finest]: connection: 2016-06-22 08:29:10.466--ServerSession(132201555)--Connection(2046923372)--Thread(Thread[Test worker,5,main])--Connection acquired from connection pool [default].
[EL Finer]: transaction: 2016-06-22 08:29:10.466--ClientSession(1562401397)--Connection(2046923372)--Thread(Thread[Test worker,5,main])--begin transaction
[EL Finest]: connection: 2016-06-22 08:29:10.466--ClientSession(1562401397)--Thread(Thread[Test worker,5,main])--reconnecting to external connection pool
[EL Finest]: transaction: 2016-06-22 08:29:10.468--UnitOfWork(1997727510)--Thread(Thread[Test worker,5,main])--persist() operation called on: akP2EB7pXEEbifTUhOdwL3ZqpNx6rC2dQeFuVP3cdUIXaRmhhJ.
[EL Finest]: sequencing: 2016-06-22 08:29:10.468--UnitOfWork(1997727510)--Thread(Thread[Test worker,5,main])--assign sequence to the object (603A8C9C-B55A-4A2F-8C13-8BD663A0C761 -> akP2EB7pXEEbifTUhOdwL3ZqpNx6rC2dQeFuVP3cdUIXaRmhhJ)
[EL Finer]: transaction: 2016-06-22 08:29:10.469--UnitOfWork(1997727510)--Thread(Thread[Test worker,5,main])--begin unit of work commit
[EL Finest]: query: 2016-06-22 08:29:10.469--UnitOfWork(1997727510)--Thread(Thread[Test worker,5,main])--Execute query InsertObjectQuery(akP2EB7pXEEbifTUhOdwL3ZqpNx6rC2dQeFuVP3cdUIXaRmhhJ)
[EL Fine]: sql: 2016-06-22 08:29:10.469--ClientSession(1562401397)--Connection(737969850)--Thread(Thread[Test worker,5,main])--INSERT INTO ast_CommunicationGroup_M (commGroupId, commGroupDescription, commGroupName, versionId, createdBy, createdDate, updatedBy, updatedDate, activeStatus, txnAccessCode) VALUES (?, ?, ?, ?, ?, ?, ?, ?, ?, ?)
	bind => [603A8C9C-B55A-4A2F-8C13-8BD663A0C761, nUrUzFffEIQROf75RpVpbBmXAmVGffxTSJMjpA6EgqZqZVMNsQ, akP2EB7pXEEbifTUhOdwL3ZqpNx6rC2dQeFuVP3cdUIXaRmhhJ, 1, AAAAA, 2016-06-22 08:29:10.466, AAAAA, 2016-06-22 08:29:10.466, 1, 51000]
[EL Finer]: transaction: 2016-06-22 08:29:10.47--ClientSession(1562401397)--Connection(737969850)--Thread(Thread[Test worker,5,main])--commit transaction
[EL Finest]: connection: 2016-06-22 08:29:10.472--ServerSession(132201555)--Connection(2046923372)--Thread(Thread[Test worker,5,main])--Connection released to connection pool [default].
[EL Finer]: transaction: 2016-06-22 08:29:10.472--UnitOfWork(1997727510)--Thread(Thread[Test worker,5,main])--end unit of work commit
[EL Finer]: transaction: 2016-06-22 08:29:10.472--UnitOfWork(1997727510)--Thread(Thread[Test worker,5,main])--resume unit of work
[EL Finer]: transaction: 2016-06-22 08:29:10.473--UnitOfWork(1997727510)--Thread(Thread[Test worker,5,main])--release unit of work
[EL Finer]: connection: 2016-06-22 08:29:10.473--ClientSession(1562401397)--Thread(Thread[Test worker,5,main])--client released
Setting logged in user info for ADD
[EL Finer]: connection: 2016-06-22 08:29:10.474--ServerSession(132201555)--Thread(Thread[Test worker,5,main])--client acquired: 458526778
[EL Finer]: transaction: 2016-06-22 08:29:10.474--ClientSession(458526778)--Thread(Thread[Test worker,5,main])--acquire unit of work: 1288232410
[EL Finest]: connection: 2016-06-22 08:29:10.474--ServerSession(132201555)--Connection(391985816)--Thread(Thread[Test worker,5,main])--Connection acquired from connection pool [default].
[EL Finer]: transaction: 2016-06-22 08:29:10.474--ClientSession(458526778)--Connection(391985816)--Thread(Thread[Test worker,5,main])--begin transaction
[EL Finest]: connection: 2016-06-22 08:29:10.474--ClientSession(458526778)--Thread(Thread[Test worker,5,main])--reconnecting to external connection pool
[EL Finest]: transaction: 2016-06-22 08:29:10.475--UnitOfWork(1288232410)--Thread(Thread[Test worker,5,main])--persist() operation called on: AWot2QOSDgpRuITIutixWomOX3VghQc6qzno1R8ipvS9xOqBnM,603A8C9C-B55A-4A2F-8C13-8BD663A0C761.
[EL Finest]: sequencing: 2016-06-22 08:29:10.475--UnitOfWork(1288232410)--Thread(Thread[Test worker,5,main])--assign sequence to the object (29BC6DA3-D91B-49D0-8BD7-D369DBAB50C6 -> AWot2QOSDgpRuITIutixWomOX3VghQc6qzno1R8ipvS9xOqBnM,603A8C9C-B55A-4A2F-8C13-8BD663A0C761)
[EL Finer]: transaction: 2016-06-22 08:29:10.475--UnitOfWork(1288232410)--Thread(Thread[Test worker,5,main])--begin unit of work commit
[EL Finest]: query: 2016-06-22 08:29:10.475--UnitOfWork(1288232410)--Thread(Thread[Test worker,5,main])--Execute query InsertObjectQuery(AWot2QOSDgpRuITIutixWomOX3VghQc6qzno1R8ipvS9xOqBnM,603A8C9C-B55A-4A2F-8C13-8BD663A0C761)
[EL Fine]: sql: 2016-06-22 08:29:10.476--ClientSession(458526778)--Connection(633668480)--Thread(Thread[Test worker,5,main])--INSERT INTO ast_CommunicationType_M (commType, commGroupId, commTypeDescription, commTypeName, versionId, createdBy, createdDate, updatedBy, updatedDate, activeStatus, txnAccessCode) VALUES (?, ?, ?, ?, ?, ?, ?, ?, ?, ?, ?)
	bind => [29BC6DA3-D91B-49D0-8BD7-D369DBAB50C6, 603A8C9C-B55A-4A2F-8C13-8BD663A0C761, q6oUHa3yvOF6Ujxle1feLcdbps5tAfIpbuNAiJMLV0o46b8F0z, AWot2QOSDgpRuITIutixWomOX3VghQc6qzno1R8ipvS9xOqBnM, 1, AAAAA, 2016-06-22 08:29:10.473, AAAAA, 2016-06-22 08:29:10.473, 1, 51000]
[EL Finer]: transaction: 2016-06-22 08:29:10.477--ClientSession(458526778)--Connection(633668480)--Thread(Thread[Test worker,5,main])--commit transaction
[EL Finest]: connection: 2016-06-22 08:29:10.479--ServerSession(132201555)--Connection(391985816)--Thread(Thread[Test worker,5,main])--Connection released to connection pool [default].
[EL Finer]: transaction: 2016-06-22 08:29:10.479--UnitOfWork(1288232410)--Thread(Thread[Test worker,5,main])--end unit of work commit
[EL Finer]: transaction: 2016-06-22 08:29:10.479--UnitOfWork(1288232410)--Thread(Thread[Test worker,5,main])--resume unit of work
[EL Finer]: transaction: 2016-06-22 08:29:10.479--UnitOfWork(1288232410)--Thread(Thread[Test worker,5,main])--release unit of work
[EL Finer]: connection: 2016-06-22 08:29:10.479--ClientSession(458526778)--Thread(Thread[Test worker,5,main])--client released
[EL Finer]: connection: 2016-06-22 08:29:10.484--ServerSession(132201555)--Thread(Thread[Test worker,5,main])--client acquired: 566029509
[EL Finer]: transaction: 2016-06-22 08:29:10.484--ClientSession(566029509)--Thread(Thread[Test worker,5,main])--acquire unit of work: 2052885200
[EL Finest]: connection: 2016-06-22 08:29:10.484--ServerSession(132201555)--Connection(1369283698)--Thread(Thread[Test worker,5,main])--Connection acquired from connection pool [default].
[EL Finer]: transaction: 2016-06-22 08:29:10.484--ClientSession(566029509)--Connection(1369283698)--Thread(Thread[Test worker,5,main])--begin transaction
[EL Finest]: connection: 2016-06-22 08:29:10.484--ClientSession(566029509)--Thread(Thread[Test worker,5,main])--reconnecting to external connection pool
[EL Finer]: transaction: 2016-06-22 08:29:10.485--UnitOfWork(2052885200)--Thread(Thread[Test worker,5,main])--begin unit of work flush
[EL Finer]: transaction: 2016-06-22 08:29:10.485--UnitOfWork(2052885200)--Thread(Thread[Test worker,5,main])--end unit of work flush
[EL Finest]: query: 2016-06-22 08:29:10.486--UnitOfWork(2052885200)--Thread(Thread[Test worker,5,main])--Execute query ReadAllQuery(name="CommunicationType.findById" referenceClass=CommunicationType sql="SELECT commType, commGroupId, commTypeDescription, commTypeName, versionId, createdBy, createdDate, updatedBy, updatedDate, activeStatus, txnAccessCode FROM ast_CommunicationType_M WHERE ((activeStatus = ?) AND (commType = ?))")
[EL Fine]: sql: 2016-06-22 08:29:10.486--ClientSession(566029509)--Connection(1604068780)--Thread(Thread[Test worker,5,main])--SELECT commType, commGroupId, commTypeDescription, commTypeName, versionId, createdBy, createdDate, updatedBy, updatedDate, activeStatus, txnAccessCode FROM ast_CommunicationType_M WHERE ((activeStatus = ?) AND (commType = ?))
	bind => [1, 29BC6DA3-D91B-49D0-8BD7-D369DBAB50C6]
[EL Finer]: transaction: 2016-06-22 08:29:10.487--UnitOfWork(2052885200)--Thread(Thread[Test worker,5,main])--begin unit of work commit
[EL Finer]: transaction: 2016-06-22 08:29:10.487--ClientSession(566029509)--Connection(1604068780)--Thread(Thread[Test worker,5,main])--commit transaction
[EL Finest]: connection: 2016-06-22 08:29:10.487--ServerSession(132201555)--Connection(1369283698)--Thread(Thread[Test worker,5,main])--Connection released to connection pool [default].
[EL Finer]: transaction: 2016-06-22 08:29:10.487--UnitOfWork(2052885200)--Thread(Thread[Test worker,5,main])--end unit of work commit
[EL Finer]: transaction: 2016-06-22 08:29:10.487--UnitOfWork(2052885200)--Thread(Thread[Test worker,5,main])--resume unit of work
[EL Finer]: transaction: 2016-06-22 08:29:10.488--UnitOfWork(2052885200)--Thread(Thread[Test worker,5,main])--release unit of work
[EL Finer]: connection: 2016-06-22 08:29:10.488--ClientSession(566029509)--Thread(Thread[Test worker,5,main])--client released
Setting logged in user info for UPDATE
[EL Finer]: connection: 2016-06-22 08:29:10.488--ServerSession(132201555)--Thread(Thread[Test worker,5,main])--client acquired: 572240649
[EL Finer]: transaction: 2016-06-22 08:29:10.488--ClientSession(572240649)--Thread(Thread[Test worker,5,main])--acquire unit of work: 1216816477
[EL Finest]: connection: 2016-06-22 08:29:10.488--ServerSession(132201555)--Connection(547758558)--Thread(Thread[Test worker,5,main])--Connection acquired from connection pool [default].
[EL Finer]: transaction: 2016-06-22 08:29:10.488--ClientSession(572240649)--Connection(547758558)--Thread(Thread[Test worker,5,main])--begin transaction
[EL Finest]: connection: 2016-06-22 08:29:10.488--ClientSession(572240649)--Thread(Thread[Test worker,5,main])--reconnecting to external connection pool
[EL Finest]: transaction: 2016-06-22 08:29:10.49--UnitOfWork(1216816477)--Thread(Thread[Test worker,5,main])--Merge clone with references wjZaLz3fFgcxQzWwSuXJuk8NoKJt3aEXJ4uDKcQ3lsgp4Avgm9,603A8C9C-B55A-4A2F-8C13-8BD663A0C761
[EL Finest]: query: 2016-06-22 08:29:10.49--UnitOfWork(1216816477)--Thread(Thread[Test worker,5,main])--Execute query ReadObjectQuery(referenceClass=CommunicationType )
[EL Fine]: sql: 2016-06-22 08:29:10.491--ClientSession(572240649)--Connection(352032880)--Thread(Thread[Test worker,5,main])--SELECT commType, commGroupId, commTypeDescription, commTypeName, versionId, createdBy, createdDate, updatedBy, updatedDate, activeStatus, txnAccessCode FROM ast_CommunicationType_M WHERE (commType = ?)
	bind => [29BC6DA3-D91B-49D0-8BD7-D369DBAB50C6]
[EL Finer]: transaction: 2016-06-22 08:29:10.492--UnitOfWork(1216816477)--Thread(Thread[Test worker,5,main])--begin unit of work commit
[EL Finest]: query: 2016-06-22 08:29:10.492--UnitOfWork(1216816477)--Thread(Thread[Test worker,5,main])--Execute query UpdateObjectQuery(wjZaLz3fFgcxQzWwSuXJuk8NoKJt3aEXJ4uDKcQ3lsgp4Avgm9,603A8C9C-B55A-4A2F-8C13-8BD663A0C761)
[EL Fine]: sql: 2016-06-22 08:29:10.492--ClientSession(572240649)--Connection(352032880)--Thread(Thread[Test worker,5,main])--UPDATE ast_CommunicationType_M SET commTypeDescription = ?, commTypeName = ?, versionId = ? WHERE ((commType = ?) AND (versionId = ?))
	bind => [3ZL5w3QnRuTvIVkTsKfJ5q3d23RXgaFHlTEYAZf4oAEr4qQ7sa, wjZaLz3fFgcxQzWwSuXJuk8NoKJt3aEXJ4uDKcQ3lsgp4Avgm9, 2, 29BC6DA3-D91B-49D0-8BD7-D369DBAB50C6, 1]
[EL Finer]: transaction: 2016-06-22 08:29:10.493--ClientSession(572240649)--Connection(352032880)--Thread(Thread[Test worker,5,main])--commit transaction
[EL Finest]: connection: 2016-06-22 08:29:10.496--ServerSession(132201555)--Connection(547758558)--Thread(Thread[Test worker,5,main])--Connection released to connection pool [default].
[EL Finer]: transaction: 2016-06-22 08:29:10.496--UnitOfWork(1216816477)--Thread(Thread[Test worker,5,main])--end unit of work commit
[EL Finer]: transaction: 2016-06-22 08:29:10.496--UnitOfWork(1216816477)--Thread(Thread[Test worker,5,main])--resume unit of work
[EL Finer]: transaction: 2016-06-22 08:29:10.496--UnitOfWork(1216816477)--Thread(Thread[Test worker,5,main])--release unit of work
[EL Finer]: connection: 2016-06-22 08:29:10.496--ClientSession(572240649)--Thread(Thread[Test worker,5,main])--client released
[EL Finer]: connection: 2016-06-22 08:29:10.5--ServerSession(132201555)--Thread(Thread[Test worker,5,main])--client acquired: 1260439210
[EL Finer]: transaction: 2016-06-22 08:29:10.5--ClientSession(1260439210)--Thread(Thread[Test worker,5,main])--acquire unit of work: 1423108462
[EL Finest]: connection: 2016-06-22 08:29:10.5--ServerSession(132201555)--Connection(1658544195)--Thread(Thread[Test worker,5,main])--Connection acquired from connection pool [default].
[EL Finer]: transaction: 2016-06-22 08:29:10.5--ClientSession(1260439210)--Connection(1658544195)--Thread(Thread[Test worker,5,main])--begin transaction
[EL Finest]: connection: 2016-06-22 08:29:10.5--ClientSession(1260439210)--Thread(Thread[Test worker,5,main])--reconnecting to external connection pool
[EL Finer]: transaction: 2016-06-22 08:29:10.501--UnitOfWork(1423108462)--Thread(Thread[Test worker,5,main])--begin unit of work flush
[EL Finer]: transaction: 2016-06-22 08:29:10.501--UnitOfWork(1423108462)--Thread(Thread[Test worker,5,main])--end unit of work flush
[EL Finest]: query: 2016-06-22 08:29:10.501--UnitOfWork(1423108462)--Thread(Thread[Test worker,5,main])--Execute query ReadAllQuery(name="CommunicationType.findById" referenceClass=CommunicationType sql="SELECT commType, commGroupId, commTypeDescription, commTypeName, versionId, createdBy, createdDate, updatedBy, updatedDate, activeStatus, txnAccessCode FROM ast_CommunicationType_M WHERE ((activeStatus = ?) AND (commType = ?))")
[EL Fine]: sql: 2016-06-22 08:29:10.501--ClientSession(1260439210)--Connection(2035789157)--Thread(Thread[Test worker,5,main])--SELECT commType, commGroupId, commTypeDescription, commTypeName, versionId, createdBy, createdDate, updatedBy, updatedDate, activeStatus, txnAccessCode FROM ast_CommunicationType_M WHERE ((activeStatus = ?) AND (commType = ?))
	bind => [1, 29BC6DA3-D91B-49D0-8BD7-D369DBAB50C6]
[EL Finer]: transaction: 2016-06-22 08:29:10.502--UnitOfWork(1423108462)--Thread(Thread[Test worker,5,main])--begin unit of work commit
[EL Finer]: transaction: 2016-06-22 08:29:10.502--ClientSession(1260439210)--Connection(2035789157)--Thread(Thread[Test worker,5,main])--commit transaction
[EL Finest]: connection: 2016-06-22 08:29:10.503--ServerSession(132201555)--Connection(1658544195)--Thread(Thread[Test worker,5,main])--Connection released to connection pool [default].
[EL Finer]: transaction: 2016-06-22 08:29:10.503--UnitOfWork(1423108462)--Thread(Thread[Test worker,5,main])--end unit of work commit
[EL Finer]: transaction: 2016-06-22 08:29:10.503--UnitOfWork(1423108462)--Thread(Thread[Test worker,5,main])--resume unit of work
[EL Finer]: transaction: 2016-06-22 08:29:10.503--UnitOfWork(1423108462)--Thread(Thread[Test worker,5,main])--release unit of work
[EL Finer]: connection: 2016-06-22 08:29:10.503--ClientSession(1260439210)--Thread(Thread[Test worker,5,main])--client released
[EL Finer]: connection: 2016-06-22 08:29:10.516--ServerSession(132201555)--Thread(Thread[Test worker,5,main])--client acquired: 748022845
[EL Finer]: transaction: 2016-06-22 08:29:10.516--ClientSession(748022845)--Thread(Thread[Test worker,5,main])--acquire unit of work: 650686377
[EL Finest]: connection: 2016-06-22 08:29:10.516--ServerSession(132201555)--Connection(1099207715)--Thread(Thread[Test worker,5,main])--Connection acquired from connection pool [default].
[EL Finer]: transaction: 2016-06-22 08:29:10.516--ClientSession(748022845)--Connection(1099207715)--Thread(Thread[Test worker,5,main])--begin transaction
[EL Finest]: connection: 2016-06-22 08:29:10.516--ClientSession(748022845)--Thread(Thread[Test worker,5,main])--reconnecting to external connection pool
[EL Finest]: query: 2016-06-22 08:29:10.517--UnitOfWork(650686377)--Thread(Thread[Test worker,5,main])--Execute query ReadObjectQuery(name="readCommunicationType" referenceClass=CommunicationType sql="SELECT commType, commGroupId, commTypeDescription, commTypeName, versionId, createdBy, createdDate, updatedBy, updatedDate, activeStatus, txnAccessCode FROM ast_CommunicationType_M WHERE (commType = ?)")
[EL Fine]: sql: 2016-06-22 08:29:10.517--ClientSession(748022845)--Connection(1161796938)--Thread(Thread[Test worker,5,main])--SELECT commType, commGroupId, commTypeDescription, commTypeName, versionId, createdBy, createdDate, updatedBy, updatedDate, activeStatus, txnAccessCode FROM ast_CommunicationType_M WHERE (commType = ?)
	bind => [29BC6DA3-D91B-49D0-8BD7-D369DBAB50C6]
[EL Finest]: transaction: 2016-06-22 08:29:10.518--UnitOfWork(650686377)--Thread(Thread[Test worker,5,main])--remove() operation called on: wjZaLz3fFgcxQzWwSuXJuk8NoKJt3aEXJ4uDKcQ3lsgp4Avgm9,603A8C9C-B55A-4A2F-8C13-8BD663A0C761
[EL Finer]: transaction: 2016-06-22 08:29:10.518--UnitOfWork(650686377)--Thread(Thread[Test worker,5,main])--begin unit of work commit
[EL Finest]: query: 2016-06-22 08:29:10.519--UnitOfWork(650686377)--Thread(Thread[Test worker,5,main])--Execute query DoesExistQuery(referenceClass=CommunicationType )
[EL Finest]: query: 2016-06-22 08:29:10.519--UnitOfWork(650686377)--Thread(Thread[Test worker,5,main])--Execute query DeleteObjectQuery(wjZaLz3fFgcxQzWwSuXJuk8NoKJt3aEXJ4uDKcQ3lsgp4Avgm9,603A8C9C-B55A-4A2F-8C13-8BD663A0C761)
[EL Fine]: sql: 2016-06-22 08:29:10.519--ClientSession(748022845)--Connection(1161796938)--Thread(Thread[Test worker,5,main])--DELETE FROM ast_CommunicationType_M WHERE ((commType = ?) AND (versionId = ?))
	bind => [29BC6DA3-D91B-49D0-8BD7-D369DBAB50C6, 2]
[EL Finer]: transaction: 2016-06-22 08:29:10.52--ClientSession(748022845)--Connection(1161796938)--Thread(Thread[Test worker,5,main])--commit transaction
[EL Finest]: connection: 2016-06-22 08:29:10.522--ServerSession(132201555)--Connection(1099207715)--Thread(Thread[Test worker,5,main])--Connection released to connection pool [default].
[EL Finer]: transaction: 2016-06-22 08:29:10.522--UnitOfWork(650686377)--Thread(Thread[Test worker,5,main])--end unit of work commit
[EL Finer]: transaction: 2016-06-22 08:29:10.522--UnitOfWork(650686377)--Thread(Thread[Test worker,5,main])--resume unit of work
[EL Finer]: transaction: 2016-06-22 08:29:10.522--UnitOfWork(650686377)--Thread(Thread[Test worker,5,main])--release unit of work
[EL Finer]: connection: 2016-06-22 08:29:10.522--ClientSession(748022845)--Thread(Thread[Test worker,5,main])--client released
[EL Finer]: connection: 2016-06-22 08:29:10.522--ServerSession(132201555)--Thread(Thread[Test worker,5,main])--client acquired: 1922433545
[EL Finer]: transaction: 2016-06-22 08:29:10.522--ClientSession(1922433545)--Thread(Thread[Test worker,5,main])--acquire unit of work: 1449121700
[EL Finest]: connection: 2016-06-22 08:29:10.522--ServerSession(132201555)--Connection(776371273)--Thread(Thread[Test worker,5,main])--Connection acquired from connection pool [default].
[EL Finer]: transaction: 2016-06-22 08:29:10.522--ClientSession(1922433545)--Connection(776371273)--Thread(Thread[Test worker,5,main])--begin transaction
[EL Finest]: connection: 2016-06-22 08:29:10.522--ClientSession(1922433545)--Thread(Thread[Test worker,5,main])--reconnecting to external connection pool
[EL Finest]: query: 2016-06-22 08:29:10.523--UnitOfWork(1449121700)--Thread(Thread[Test worker,5,main])--Execute query ReadObjectQuery(name="readCommunicationGroup" referenceClass=CommunicationGroup sql="SELECT commGroupId, commGroupDescription, commGroupName, versionId, createdBy, createdDate, updatedBy, updatedDate, activeStatus, txnAccessCode FROM ast_CommunicationGroup_M WHERE (commGroupId = ?)")
[EL Fine]: sql: 2016-06-22 08:29:10.523--ClientSession(1922433545)--Connection(60804457)--Thread(Thread[Test worker,5,main])--SELECT commGroupId, commGroupDescription, commGroupName, versionId, createdBy, createdDate, updatedBy, updatedDate, activeStatus, txnAccessCode FROM ast_CommunicationGroup_M WHERE (commGroupId = ?)
	bind => [603A8C9C-B55A-4A2F-8C13-8BD663A0C761]
[EL Finest]: transaction: 2016-06-22 08:29:10.524--UnitOfWork(1449121700)--Thread(Thread[Test worker,5,main])--remove() operation called on: akP2EB7pXEEbifTUhOdwL3ZqpNx6rC2dQeFuVP3cdUIXaRmhhJ
[EL Finer]: transaction: 2016-06-22 08:29:10.524--UnitOfWork(1449121700)--Thread(Thread[Test worker,5,main])--begin unit of work commit
[EL Finest]: query: 2016-06-22 08:29:10.524--UnitOfWork(1449121700)--Thread(Thread[Test worker,5,main])--Execute query DoesExistQuery(referenceClass=CommunicationGroup )
[EL Finest]: query: 2016-06-22 08:29:10.524--UnitOfWork(1449121700)--Thread(Thread[Test worker,5,main])--Execute query DeleteObjectQuery(akP2EB7pXEEbifTUhOdwL3ZqpNx6rC2dQeFuVP3cdUIXaRmhhJ)
[EL Fine]: sql: 2016-06-22 08:29:10.525--ClientSession(1922433545)--Connection(60804457)--Thread(Thread[Test worker,5,main])--DELETE FROM ast_CommunicationGroup_M WHERE ((commGroupId = ?) AND (versionId = ?))
	bind => [603A8C9C-B55A-4A2F-8C13-8BD663A0C761, 1]
[EL Finer]: transaction: 2016-06-22 08:29:10.525--ClientSession(1922433545)--Connection(60804457)--Thread(Thread[Test worker,5,main])--commit transaction
[EL Finest]: connection: 2016-06-22 08:29:10.528--ServerSession(132201555)--Connection(776371273)--Thread(Thread[Test worker,5,main])--Connection released to connection pool [default].
[EL Finer]: transaction: 2016-06-22 08:29:10.528--UnitOfWork(1449121700)--Thread(Thread[Test worker,5,main])--end unit of work commit
[EL Finer]: transaction: 2016-06-22 08:29:10.528--UnitOfWork(1449121700)--Thread(Thread[Test worker,5,main])--resume unit of work
[EL Finer]: transaction: 2016-06-22 08:29:10.528--UnitOfWork(1449121700)--Thread(Thread[Test worker,5,main])--release unit of work
[EL Finer]: connection: 2016-06-22 08:29:10.528--ClientSession(1922433545)--Thread(Thread[Test worker,5,main])--client released
]]></system-out>
  <system-err><![CDATA[CommunicationType.commTypeName may not be null
java.lang.SecurityException: CommunicationType.commTypeName may not be null
	at com.athena.server.pluggable.utils.helper.EntityValidatorHelper.validateEntity(EntityValidatorHelper.java:37)
	at com.app.shared.organization.contactmanagement.CommunicationType.isValid(CommunicationType.java:162)
	at com.app.server.service.organization.contactmanagement.CommunicationTypeTestCase.validateCommunicationType(CommunicationTypeTestCase.java:194)
	at com.app.server.service.organization.contactmanagement.CommunicationTypeTestCase.test5NegativeTesting(CommunicationTypeTestCase.java:226)
	at sun.reflect.NativeMethodAccessorImpl.invoke0(Native Method)
	at sun.reflect.NativeMethodAccessorImpl.invoke(NativeMethodAccessorImpl.java:57)
	at sun.reflect.DelegatingMethodAccessorImpl.invoke(DelegatingMethodAccessorImpl.java:43)
	at java.lang.reflect.Method.invoke(Method.java:606)
	at org.junit.runners.model.FrameworkMethod$1.runReflectiveCall(FrameworkMethod.java:47)
	at org.junit.internal.runners.model.ReflectiveCallable.run(ReflectiveCallable.java:12)
	at org.junit.runners.model.FrameworkMethod.invokeExplosively(FrameworkMethod.java:44)
	at org.junit.internal.runners.statements.InvokeMethod.evaluate(InvokeMethod.java:17)
	at org.junit.internal.runners.statements.RunBefores.evaluate(RunBefores.java:26)
	at org.springframework.test.context.junit4.statements.RunBeforeTestMethodCallbacks.evaluate(RunBeforeTestMethodCallbacks.java:74)
	at org.junit.internal.runners.statements.RunAfters.evaluate(RunAfters.java:27)
	at org.springframework.test.context.junit4.statements.RunAfterTestMethodCallbacks.evaluate(RunAfterTestMethodCallbacks.java:83)
	at org.springframework.test.context.junit4.statements.SpringRepeat.evaluate(SpringRepeat.java:72)
	at org.springframework.test.context.junit4.SpringJUnit4ClassRunner.runChild(SpringJUnit4ClassRunner.java:233)
	at org.springframework.test.context.junit4.SpringJUnit4ClassRunner.runChild(SpringJUnit4ClassRunner.java:87)
	at org.junit.runners.ParentRunner$3.run(ParentRunner.java:238)
	at org.junit.runners.ParentRunner$1.schedule(ParentRunner.java:63)
	at org.junit.runners.ParentRunner.runChildren(ParentRunner.java:236)
	at org.junit.runners.ParentRunner.access$000(ParentRunner.java:53)
	at org.junit.runners.ParentRunner$2.evaluate(ParentRunner.java:229)
	at org.junit.internal.runners.statements.RunBefores.evaluate(RunBefores.java:26)
	at org.springframework.test.context.junit4.statements.RunBeforeTestClassCallbacks.evaluate(RunBeforeTestClassCallbacks.java:61)
	at org.springframework.test.context.junit4.statements.RunAfterTestClassCallbacks.evaluate(RunAfterTestClassCallbacks.java:71)
	at org.junit.runners.ParentRunner.run(ParentRunner.java:309)
	at org.springframework.test.context.junit4.SpringJUnit4ClassRunner.run(SpringJUnit4ClassRunner.java:176)
	at org.gradle.api.internal.tasks.testing.junit.JUnitTestClassExecuter.runTestClass(JUnitTestClassExecuter.java:86)
	at org.gradle.api.internal.tasks.testing.junit.JUnitTestClassExecuter.execute(JUnitTestClassExecuter.java:49)
	at org.gradle.api.internal.tasks.testing.junit.JUnitTestClassProcessor.processTestClass(JUnitTestClassProcessor.java:64)
	at org.gradle.api.internal.tasks.testing.SuiteTestClassProcessor.processTestClass(SuiteTestClassProcessor.java:50)
	at sun.reflect.GeneratedMethodAccessor109.invoke(Unknown Source)
	at sun.reflect.DelegatingMethodAccessorImpl.invoke(DelegatingMethodAccessorImpl.java:43)
	at java.lang.reflect.Method.invoke(Method.java:606)
	at org.gradle.messaging.dispatch.ReflectionDispatch.dispatch(ReflectionDispatch.java:35)
	at org.gradle.messaging.dispatch.ReflectionDispatch.dispatch(ReflectionDispatch.java:24)
	at org.gradle.messaging.dispatch.ContextClassLoaderDispatch.dispatch(ContextClassLoaderDispatch.java:32)
	at org.gradle.messaging.dispatch.ProxyDispatchAdapter$DispatchingInvocationHandler.invoke(ProxyDispatchAdapter.java:93)
	at com.sun.proxy.$Proxy2.processTestClass(Unknown Source)
	at org.gradle.api.internal.tasks.testing.worker.TestWorker.processTestClass(TestWorker.java:106)
	at sun.reflect.GeneratedMethodAccessor108.invoke(Unknown Source)
	at sun.reflect.DelegatingMethodAccessorImpl.invoke(DelegatingMethodAccessorImpl.java:43)
	at java.lang.reflect.Method.invoke(Method.java:606)
	at org.gradle.messaging.dispatch.ReflectionDispatch.dispatch(ReflectionDispatch.java:35)
	at org.gradle.messaging.dispatch.ReflectionDispatch.dispatch(ReflectionDispatch.java:24)
	at org.gradle.messaging.remote.internal.hub.MessageHub$Handler.run(MessageHub.java:360)
	at org.gradle.internal.concurrent.DefaultExecutorFactory$StoppableExecutorImpl$1.run(DefaultExecutorFactory.java:64)
	at java.util.concurrent.ThreadPoolExecutor.runWorker(ThreadPoolExecutor.java:1145)
	at java.util.concurrent.ThreadPoolExecutor$Worker.run(ThreadPoolExecutor.java:615)
	at java.lang.Thread.run(Thread.java:745)
CommunicationType.commTypeName size must be between 0 and 128
java.lang.SecurityException: CommunicationType.commTypeName size must be between 0 and 128
	at com.athena.server.pluggable.utils.helper.EntityValidatorHelper.validateEntity(EntityValidatorHelper.java:37)
	at com.app.shared.organization.contactmanagement.CommunicationType.isValid(CommunicationType.java:162)
	at com.app.server.service.organization.contactmanagement.CommunicationTypeTestCase.validateCommunicationType(CommunicationTypeTestCase.java:192)
	at com.app.server.service.organization.contactmanagement.CommunicationTypeTestCase.test5NegativeTesting(CommunicationTypeTestCase.java:231)
	at sun.reflect.NativeMethodAccessorImpl.invoke0(Native Method)
	at sun.reflect.NativeMethodAccessorImpl.invoke(NativeMethodAccessorImpl.java:57)
	at sun.reflect.DelegatingMethodAccessorImpl.invoke(DelegatingMethodAccessorImpl.java:43)
	at java.lang.reflect.Method.invoke(Method.java:606)
	at org.junit.runners.model.FrameworkMethod$1.runReflectiveCall(FrameworkMethod.java:47)
	at org.junit.internal.runners.model.ReflectiveCallable.run(ReflectiveCallable.java:12)
	at org.junit.runners.model.FrameworkMethod.invokeExplosively(FrameworkMethod.java:44)
	at org.junit.internal.runners.statements.InvokeMethod.evaluate(InvokeMethod.java:17)
	at org.junit.internal.runners.statements.RunBefores.evaluate(RunBefores.java:26)
	at org.springframework.test.context.junit4.statements.RunBeforeTestMethodCallbacks.evaluate(RunBeforeTestMethodCallbacks.java:74)
	at org.junit.internal.runners.statements.RunAfters.evaluate(RunAfters.java:27)
	at org.springframework.test.context.junit4.statements.RunAfterTestMethodCallbacks.evaluate(RunAfterTestMethodCallbacks.java:83)
	at org.springframework.test.context.junit4.statements.SpringRepeat.evaluate(SpringRepeat.java:72)
	at org.springframework.test.context.junit4.SpringJUnit4ClassRunner.runChild(SpringJUnit4ClassRunner.java:233)
	at org.springframework.test.context.junit4.SpringJUnit4ClassRunner.runChild(SpringJUnit4ClassRunner.java:87)
	at org.junit.runners.ParentRunner$3.run(ParentRunner.java:238)
	at org.junit.runners.ParentRunner$1.schedule(ParentRunner.java:63)
	at org.junit.runners.ParentRunner.runChildren(ParentRunner.java:236)
	at org.junit.runners.ParentRunner.access$000(ParentRunner.java:53)
	at org.junit.runners.ParentRunner$2.evaluate(ParentRunner.java:229)
	at org.junit.internal.runners.statements.RunBefores.evaluate(RunBefores.java:26)
	at org.springframework.test.context.junit4.statements.RunBeforeTestClassCallbacks.evaluate(RunBeforeTestClassCallbacks.java:61)
	at org.springframework.test.context.junit4.statements.RunAfterTestClassCallbacks.evaluate(RunAfterTestClassCallbacks.java:71)
	at org.junit.runners.ParentRunner.run(ParentRunner.java:309)
	at org.springframework.test.context.junit4.SpringJUnit4ClassRunner.run(SpringJUnit4ClassRunner.java:176)
	at org.gradle.api.internal.tasks.testing.junit.JUnitTestClassExecuter.runTestClass(JUnitTestClassExecuter.java:86)
	at org.gradle.api.internal.tasks.testing.junit.JUnitTestClassExecuter.execute(JUnitTestClassExecuter.java:49)
	at org.gradle.api.internal.tasks.testing.junit.JUnitTestClassProcessor.processTestClass(JUnitTestClassProcessor.java:64)
	at org.gradle.api.internal.tasks.testing.SuiteTestClassProcessor.processTestClass(SuiteTestClassProcessor.java:50)
	at sun.reflect.GeneratedMethodAccessor109.invoke(Unknown Source)
	at sun.reflect.DelegatingMethodAccessorImpl.invoke(DelegatingMethodAccessorImpl.java:43)
	at java.lang.reflect.Method.invoke(Method.java:606)
	at org.gradle.messaging.dispatch.ReflectionDispatch.dispatch(ReflectionDispatch.java:35)
	at org.gradle.messaging.dispatch.ReflectionDispatch.dispatch(ReflectionDispatch.java:24)
	at org.gradle.messaging.dispatch.ContextClassLoaderDispatch.dispatch(ContextClassLoaderDispatch.java:32)
	at org.gradle.messaging.dispatch.ProxyDispatchAdapter$DispatchingInvocationHandler.invoke(ProxyDispatchAdapter.java:93)
	at com.sun.proxy.$Proxy2.processTestClass(Unknown Source)
	at org.gradle.api.internal.tasks.testing.worker.TestWorker.processTestClass(TestWorker.java:106)
	at sun.reflect.GeneratedMethodAccessor108.invoke(Unknown Source)
	at sun.reflect.DelegatingMethodAccessorImpl.invoke(DelegatingMethodAccessorImpl.java:43)
	at java.lang.reflect.Method.invoke(Method.java:606)
	at org.gradle.messaging.dispatch.ReflectionDispatch.dispatch(ReflectionDispatch.java:35)
	at org.gradle.messaging.dispatch.ReflectionDispatch.dispatch(ReflectionDispatch.java:24)
	at org.gradle.messaging.remote.internal.hub.MessageHub$Handler.run(MessageHub.java:360)
	at org.gradle.internal.concurrent.DefaultExecutorFactory$StoppableExecutorImpl$1.run(DefaultExecutorFactory.java:64)
	at java.util.concurrent.ThreadPoolExecutor.runWorker(ThreadPoolExecutor.java:1145)
	at java.util.concurrent.ThreadPoolExecutor$Worker.run(ThreadPoolExecutor.java:615)
	at java.lang.Thread.run(Thread.java:745)
CommunicationType.commTypeDescription size must be between 0 and 256
java.lang.SecurityException: CommunicationType.commTypeDescription size must be between 0 and 256
	at com.athena.server.pluggable.utils.helper.EntityValidatorHelper.validateEntity(EntityValidatorHelper.java:37)
	at com.app.shared.organization.contactmanagement.CommunicationType.isValid(CommunicationType.java:162)
	at com.app.server.service.organization.contactmanagement.CommunicationTypeTestCase.validateCommunicationType(CommunicationTypeTestCase.java:192)
	at com.app.server.service.organization.contactmanagement.CommunicationTypeTestCase.test5NegativeTesting(CommunicationTypeTestCase.java:236)
	at sun.reflect.NativeMethodAccessorImpl.invoke0(Native Method)
	at sun.reflect.NativeMethodAccessorImpl.invoke(NativeMethodAccessorImpl.java:57)
	at sun.reflect.DelegatingMethodAccessorImpl.invoke(DelegatingMethodAccessorImpl.java:43)
	at java.lang.reflect.Method.invoke(Method.java:606)
	at org.junit.runners.model.FrameworkMethod$1.runReflectiveCall(FrameworkMethod.java:47)
	at org.junit.internal.runners.model.ReflectiveCallable.run(ReflectiveCallable.java:12)
	at org.junit.runners.model.FrameworkMethod.invokeExplosively(FrameworkMethod.java:44)
	at org.junit.internal.runners.statements.InvokeMethod.evaluate(InvokeMethod.java:17)
	at org.junit.internal.runners.statements.RunBefores.evaluate(RunBefores.java:26)
	at org.springframework.test.context.junit4.statements.RunBeforeTestMethodCallbacks.evaluate(RunBeforeTestMethodCallbacks.java:74)
	at org.junit.internal.runners.statements.RunAfters.evaluate(RunAfters.java:27)
	at org.springframework.test.context.junit4.statements.RunAfterTestMethodCallbacks.evaluate(RunAfterTestMethodCallbacks.java:83)
	at org.springframework.test.context.junit4.statements.SpringRepeat.evaluate(SpringRepeat.java:72)
	at org.springframework.test.context.junit4.SpringJUnit4ClassRunner.runChild(SpringJUnit4ClassRunner.java:233)
	at org.springframework.test.context.junit4.SpringJUnit4ClassRunner.runChild(SpringJUnit4ClassRunner.java:87)
	at org.junit.runners.ParentRunner$3.run(ParentRunner.java:238)
	at org.junit.runners.ParentRunner$1.schedule(ParentRunner.java:63)
	at org.junit.runners.ParentRunner.runChildren(ParentRunner.java:236)
	at org.junit.runners.ParentRunner.access$000(ParentRunner.java:53)
	at org.junit.runners.ParentRunner$2.evaluate(ParentRunner.java:229)
	at org.junit.internal.runners.statements.RunBefores.evaluate(RunBefores.java:26)
	at org.springframework.test.context.junit4.statements.RunBeforeTestClassCallbacks.evaluate(RunBeforeTestClassCallbacks.java:61)
	at org.springframework.test.context.junit4.statements.RunAfterTestClassCallbacks.evaluate(RunAfterTestClassCallbacks.java:71)
	at org.junit.runners.ParentRunner.run(ParentRunner.java:309)
	at org.springframework.test.context.junit4.SpringJUnit4ClassRunner.run(SpringJUnit4ClassRunner.java:176)
	at org.gradle.api.internal.tasks.testing.junit.JUnitTestClassExecuter.runTestClass(JUnitTestClassExecuter.java:86)
	at org.gradle.api.internal.tasks.testing.junit.JUnitTestClassExecuter.execute(JUnitTestClassExecuter.java:49)
	at org.gradle.api.internal.tasks.testing.junit.JUnitTestClassProcessor.processTestClass(JUnitTestClassProcessor.java:64)
	at org.gradle.api.internal.tasks.testing.SuiteTestClassProcessor.processTestClass(SuiteTestClassProcessor.java:50)
	at sun.reflect.GeneratedMethodAccessor109.invoke(Unknown Source)
	at sun.reflect.DelegatingMethodAccessorImpl.invoke(DelegatingMethodAccessorImpl.java:43)
	at java.lang.reflect.Method.invoke(Method.java:606)
	at org.gradle.messaging.dispatch.ReflectionDispatch.dispatch(ReflectionDispatch.java:35)
	at org.gradle.messaging.dispatch.ReflectionDispatch.dispatch(ReflectionDispatch.java:24)
	at org.gradle.messaging.dispatch.ContextClassLoaderDispatch.dispatch(ContextClassLoaderDispatch.java:32)
	at org.gradle.messaging.dispatch.ProxyDispatchAdapter$DispatchingInvocationHandler.invoke(ProxyDispatchAdapter.java:93)
	at com.sun.proxy.$Proxy2.processTestClass(Unknown Source)
	at org.gradle.api.internal.tasks.testing.worker.TestWorker.processTestClass(TestWorker.java:106)
	at sun.reflect.GeneratedMethodAccessor108.invoke(Unknown Source)
	at sun.reflect.DelegatingMethodAccessorImpl.invoke(DelegatingMethodAccessorImpl.java:43)
	at java.lang.reflect.Method.invoke(Method.java:606)
	at org.gradle.messaging.dispatch.ReflectionDispatch.dispatch(ReflectionDispatch.java:35)
	at org.gradle.messaging.dispatch.ReflectionDispatch.dispatch(ReflectionDispatch.java:24)
	at org.gradle.messaging.remote.internal.hub.MessageHub$Handler.run(MessageHub.java:360)
	at org.gradle.internal.concurrent.DefaultExecutorFactory$StoppableExecutorImpl$1.run(DefaultExecutorFactory.java:64)
	at java.util.concurrent.ThreadPoolExecutor.runWorker(ThreadPoolExecutor.java:1145)
	at java.util.concurrent.ThreadPoolExecutor$Worker.run(ThreadPoolExecutor.java:615)
	at java.lang.Thread.run(Thread.java:745)
]]></system-err>
</testsuite>
