<?xml version="1.0" encoding="UTF-8"?>
<testsuite name="com.app.server.service.organization.contactmanagement.CommunicationGroupTestCase" tests="5" skipped="0" failures="0" errors="0" timestamp="2016-06-22T08:29:10" hostname="0764d8594519" time="0.07">
  <properties/>
  <testcase name="test1Save" classname="com.app.server.service.organization.contactmanagement.CommunicationGroupTestCase" time="0.027"/>
  <testcase name="test2Update" classname="com.app.server.service.organization.contactmanagement.CommunicationGroupTestCase" time="0.016"/>
  <testcase name="test3FindById" classname="com.app.server.service.organization.contactmanagement.CommunicationGroupTestCase" time="0.008"/>
  <testcase name="test5NegativeTesting" classname="com.app.server.service.organization.contactmanagement.CommunicationGroupTestCase" time="0.008"/>
  <testcase name="test6Delete" classname="com.app.server.service.organization.contactmanagement.CommunicationGroupTestCase" time="0.011"/>
  <system-out><![CDATA[Wed Jun 22 08:29:10 UTC 2016|Log Manager Factory|Initialization Process started.....
Wed Jun 22 08:29:10 UTC 2016|Log Manager|Initialized with Path = [/home/applifire/workspace/appone/src/main/webapp/WEB-INF/conf]
Wed Jun 22 08:29:10 UTC 2016|Alarm Manager|Initialized with Path = [/home/applifire/workspace/appone/src/main/webapp/WEB-INF/conf]
Wed Jun 22 08:29:10 UTC 2016|Alarm Manager|Loading Alarms ......
Wed Jun 22 08:29:10 UTC 2016|Alarm XML Parser|FWA|XML Parsing Complete........ 
Wed Jun 22 08:29:10 UTC 2016|Alarm File Manager|FWA|Alarm File Status.. [ApplicationFrameworkAlarms.xml]|Version=15|Status=Done 
Wed Jun 22 08:29:10 UTC 2016|Alarm File Manager|FWA|Alarm Stats = ( BC/AL=4/676 SYS=4/10 [676/0]  TPL=0/0 [0/0]  APP= A.Map=[759]  E.Map EC/RC=[322/67] )
Wed Jun 22 08:29:10 UTC 2016|Alarm XML Parser|APP|XML Parsing Complete........ 
Wed Jun 22 08:29:10 UTC 2016|Alarm File Manager|APP|Alarm File Status.. [ApplicationAlarms.xml]|Version=1|Status=Done 
Wed Jun 22 08:29:10 UTC 2016|Alarm File Manager|APP|Alarm Stats = ( BC/AL=4/676 SYS=4/10 [676/0]  TPL=0/0 [0/0]  APP=0/0 [0/0]  A.Map=[759]  E.Map EC/RC=[322/67] )
Wed Jun 22 08:29:10 UTC 2016|ApplicationAlarmContext| <><><><><> Create App Alarms ....  <><><><><> 
Wed Jun 22 08:29:10 UTC 2016|ApplicationAlarmContext|Alarms are generated ONLY in Development Mode.. 
Wed Jun 22 08:29:10 UTC 2016|Alarm Manager|APP|Alarm Stats = ( BC/AL=4/676 SYS=4/10 [676/0]  TPL=0/0 [0/0]  APP=0/0 [0/0]  A.Map=[759]  E.Map EC/RC=[322/67] )
Wed Jun 22 08:29:10 UTC 2016|Alarm Manager|Initialized Exception Lookup...
Wed Jun 22 08:29:10 UTC 2016|Log Manager|Initialize Log Config File ......
Wed Jun 22 08:29:10 UTC 2016|Pluggable Connectors|Adding Connectors : StandardOutputConnector isEnabled=true isDefault=false isFallBack=true
Wed Jun 22 08:29:10 UTC 2016|Pluggable Connectors|Adding Connectors : StandardFileConnector isEnabled=true isDefault=false isFallBack=false
Wed Jun 22 08:29:10 UTC 2016|Pluggable Connectors|Adding Connectors : Sprinkler isEnabled=true isDefault=true isFallBack=false
Wed Jun 22 08:29:10 UTC 2016|Pluggable Connectors|Default Connector Name : com.spartan.logger.core.LogMessenger
Wed Jun 22 08:29:10 UTC 2016|Log Config Parser|Connector Least Log Level =[4]  FallBack Log Level =[3]
Wed Jun 22 08:29:10 UTC 2016|Log Manager|Loading Default Connector for Logging ......
Wed Jun 22 08:29:10 UTC 2016|Log Manager|Loading class .. com.spartan.logger.core.LogMessenger
Wed Jun 22 08:29:10 UTC 2016|Plugggable Connector|Connector class com.spartan.logger.core.LogMessenger Initialized... @ Log Level = 3
Wed Jun 22 08:29:10 UTC 2016|Log Manager|Starting the Default Connector [com.spartan.logger.core.LogMessenger@509a83b2] ....
Wed Jun 22 08:29:10 UTC 2016|Scheduler|Starting the Scheduler ......
Wed Jun 22 08:29:10 UTC 2016|Scheduler|Adding [LMID=[835d9c6e-2e8f-47e0-8589-67f461586124]] Delay=5 Time Unit=MINUTES
Wed Jun 22 08:29:10 UTC 2016|Scheduler|Adding [App Alarm Manager File=[ApplicationAlarms.xml]] Delay=30 Time Unit=MINUTES
Wed Jun 22 08:29:10 UTC 2016|Scheduler|Adding [FW Alarm Manager File=[ApplicationFrameworkAlarms.xml]] Delay=3 Time Unit=MINUTES
Wed Jun 22 08:29:10 UTC 2016|Scheduler|Startup Completed..
Wed Jun 22 08:29:10 UTC 2016|Log Manager|Initialization Process Complete ......
Wed Jun 22 08:29:10 UTC 2016|Log Manager Factory|Log Manager READY! ID = 835d9c6e-2e8f-47e0-8589-67f461586124
Setting logged in user info for ADD
[EL Finer]: connection: 2016-06-22 08:29:10.981--ServerSession(132201555)--Thread(Thread[Test worker,5,main])--client acquired: 1513444205
[EL Finer]: transaction: 2016-06-22 08:29:10.981--ClientSession(1513444205)--Thread(Thread[Test worker,5,main])--acquire unit of work: 1660438367
[EL Finest]: connection: 2016-06-22 08:29:10.981--ServerSession(132201555)--Connection(437641404)--Thread(Thread[Test worker,5,main])--Connection acquired from connection pool [default].
[EL Finer]: transaction: 2016-06-22 08:29:10.981--ClientSession(1513444205)--Connection(437641404)--Thread(Thread[Test worker,5,main])--begin transaction
[EL Finest]: connection: 2016-06-22 08:29:10.981--ClientSession(1513444205)--Thread(Thread[Test worker,5,main])--reconnecting to external connection pool
[EL Finest]: transaction: 2016-06-22 08:29:10.982--UnitOfWork(1660438367)--Thread(Thread[Test worker,5,main])--persist() operation called on: JCckGQoog0YSwY3lUPcGf2l8QFcMOI0gYtG74jAcp0lJJHAvce.
[EL Finest]: sequencing: 2016-06-22 08:29:10.982--UnitOfWork(1660438367)--Thread(Thread[Test worker,5,main])--assign sequence to the object (18E43F7E-7CDC-473E-BD1C-B7E95BA204FA -> JCckGQoog0YSwY3lUPcGf2l8QFcMOI0gYtG74jAcp0lJJHAvce)
[EL Finer]: transaction: 2016-06-22 08:29:10.982--UnitOfWork(1660438367)--Thread(Thread[Test worker,5,main])--begin unit of work commit
[EL Finest]: query: 2016-06-22 08:29:10.983--UnitOfWork(1660438367)--Thread(Thread[Test worker,5,main])--Execute query InsertObjectQuery(JCckGQoog0YSwY3lUPcGf2l8QFcMOI0gYtG74jAcp0lJJHAvce)
[EL Fine]: sql: 2016-06-22 08:29:10.983--ClientSession(1513444205)--Connection(1688487073)--Thread(Thread[Test worker,5,main])--INSERT INTO ast_CommunicationGroup_M (commGroupId, commGroupDescription, commGroupName, versionId, createdBy, createdDate, updatedBy, updatedDate, activeStatus, txnAccessCode) VALUES (?, ?, ?, ?, ?, ?, ?, ?, ?, ?)
	bind => [18E43F7E-7CDC-473E-BD1C-B7E95BA204FA, D1S4VXAhZZAjHnemQYntlRcNwh0My0EtsYWWw0LxNcVdgSCE74, JCckGQoog0YSwY3lUPcGf2l8QFcMOI0gYtG74jAcp0lJJHAvce, 1, AAAAA, 2016-06-22 08:29:10.979, AAAAA, 2016-06-22 08:29:10.979, 1, 51000]
[EL Finer]: transaction: 2016-06-22 08:29:10.984--ClientSession(1513444205)--Connection(1688487073)--Thread(Thread[Test worker,5,main])--commit transaction
[EL Finest]: connection: 2016-06-22 08:29:10.986--ServerSession(132201555)--Connection(437641404)--Thread(Thread[Test worker,5,main])--Connection released to connection pool [default].
[EL Finer]: transaction: 2016-06-22 08:29:10.986--UnitOfWork(1660438367)--Thread(Thread[Test worker,5,main])--end unit of work commit
[EL Finer]: transaction: 2016-06-22 08:29:10.986--UnitOfWork(1660438367)--Thread(Thread[Test worker,5,main])--resume unit of work
[EL Finer]: transaction: 2016-06-22 08:29:10.986--UnitOfWork(1660438367)--Thread(Thread[Test worker,5,main])--release unit of work
[EL Finer]: connection: 2016-06-22 08:29:10.987--ClientSession(1513444205)--Thread(Thread[Test worker,5,main])--client released
[EL Finer]: connection: 2016-06-22 08:29:10.991--ServerSession(132201555)--Thread(Thread[Test worker,5,main])--client acquired: 1606235288
[EL Finer]: transaction: 2016-06-22 08:29:10.991--ClientSession(1606235288)--Thread(Thread[Test worker,5,main])--acquire unit of work: 2127042626
[EL Finest]: connection: 2016-06-22 08:29:10.991--ServerSession(132201555)--Connection(45143573)--Thread(Thread[Test worker,5,main])--Connection acquired from connection pool [default].
[EL Finer]: transaction: 2016-06-22 08:29:10.991--ClientSession(1606235288)--Connection(45143573)--Thread(Thread[Test worker,5,main])--begin transaction
[EL Finest]: connection: 2016-06-22 08:29:10.991--ClientSession(1606235288)--Thread(Thread[Test worker,5,main])--reconnecting to external connection pool
[EL Finer]: transaction: 2016-06-22 08:29:10.992--UnitOfWork(2127042626)--Thread(Thread[Test worker,5,main])--begin unit of work flush
[EL Finer]: transaction: 2016-06-22 08:29:10.992--UnitOfWork(2127042626)--Thread(Thread[Test worker,5,main])--end unit of work flush
[EL Finest]: query: 2016-06-22 08:29:10.993--UnitOfWork(2127042626)--Thread(Thread[Test worker,5,main])--Execute query ReadAllQuery(name="CommunicationGroup.findById" referenceClass=CommunicationGroup sql="SELECT commGroupId, commGroupDescription, commGroupName, versionId, createdBy, createdDate, updatedBy, updatedDate, activeStatus, txnAccessCode FROM ast_CommunicationGroup_M WHERE ((activeStatus = ?) AND (commGroupId = ?))")
[EL Fine]: sql: 2016-06-22 08:29:10.993--ClientSession(1606235288)--Connection(1953876975)--Thread(Thread[Test worker,5,main])--SELECT commGroupId, commGroupDescription, commGroupName, versionId, createdBy, createdDate, updatedBy, updatedDate, activeStatus, txnAccessCode FROM ast_CommunicationGroup_M WHERE ((activeStatus = ?) AND (commGroupId = ?))
	bind => [1, 18E43F7E-7CDC-473E-BD1C-B7E95BA204FA]
[EL Finer]: transaction: 2016-06-22 08:29:10.994--UnitOfWork(2127042626)--Thread(Thread[Test worker,5,main])--begin unit of work commit
[EL Finer]: transaction: 2016-06-22 08:29:10.994--ClientSession(1606235288)--Connection(1953876975)--Thread(Thread[Test worker,5,main])--commit transaction
[EL Finest]: connection: 2016-06-22 08:29:10.995--ServerSession(132201555)--Connection(45143573)--Thread(Thread[Test worker,5,main])--Connection released to connection pool [default].
[EL Finer]: transaction: 2016-06-22 08:29:10.995--UnitOfWork(2127042626)--Thread(Thread[Test worker,5,main])--end unit of work commit
[EL Finer]: transaction: 2016-06-22 08:29:10.995--UnitOfWork(2127042626)--Thread(Thread[Test worker,5,main])--resume unit of work
[EL Finer]: transaction: 2016-06-22 08:29:10.995--UnitOfWork(2127042626)--Thread(Thread[Test worker,5,main])--release unit of work
[EL Finer]: connection: 2016-06-22 08:29:10.995--ClientSession(1606235288)--Thread(Thread[Test worker,5,main])--client released
Setting logged in user info for UPDATE
[EL Finer]: connection: 2016-06-22 08:29:10.996--ServerSession(132201555)--Thread(Thread[Test worker,5,main])--client acquired: 1764393092
[EL Finer]: transaction: 2016-06-22 08:29:10.996--ClientSession(1764393092)--Thread(Thread[Test worker,5,main])--acquire unit of work: 1700499468
[EL Finest]: connection: 2016-06-22 08:29:10.996--ServerSession(132201555)--Connection(1582184400)--Thread(Thread[Test worker,5,main])--Connection acquired from connection pool [default].
[EL Finer]: transaction: 2016-06-22 08:29:10.996--ClientSession(1764393092)--Connection(1582184400)--Thread(Thread[Test worker,5,main])--begin transaction
[EL Finest]: connection: 2016-06-22 08:29:10.996--ClientSession(1764393092)--Thread(Thread[Test worker,5,main])--reconnecting to external connection pool
[EL Finest]: transaction: 2016-06-22 08:29:10.998--UnitOfWork(1700499468)--Thread(Thread[Test worker,5,main])--Merge clone with references 7caRkDJj6h1Be27BZnvHTFRoGmHz4E32kStSMvDxiO20kI0J7H
[EL Finest]: query: 2016-06-22 08:29:10.998--UnitOfWork(1700499468)--Thread(Thread[Test worker,5,main])--Execute query ReadObjectQuery(referenceClass=CommunicationGroup )
[EL Fine]: sql: 2016-06-22 08:29:10.998--ClientSession(1764393092)--Connection(1814619024)--Thread(Thread[Test worker,5,main])--SELECT commGroupId, commGroupDescription, commGroupName, versionId, createdBy, createdDate, updatedBy, updatedDate, activeStatus, txnAccessCode FROM ast_CommunicationGroup_M WHERE (commGroupId = ?)
	bind => [18E43F7E-7CDC-473E-BD1C-B7E95BA204FA]
[EL Finer]: transaction: 2016-06-22 08:29:10.999--UnitOfWork(1700499468)--Thread(Thread[Test worker,5,main])--begin unit of work commit
[EL Finest]: query: 2016-06-22 08:29:10.999--UnitOfWork(1700499468)--Thread(Thread[Test worker,5,main])--Execute query UpdateObjectQuery(7caRkDJj6h1Be27BZnvHTFRoGmHz4E32kStSMvDxiO20kI0J7H)
[EL Fine]: sql: 2016-06-22 08:29:10.999--ClientSession(1764393092)--Connection(1814619024)--Thread(Thread[Test worker,5,main])--UPDATE ast_CommunicationGroup_M SET commGroupDescription = ?, commGroupName = ?, versionId = ? WHERE ((commGroupId = ?) AND (versionId = ?))
	bind => [0wt1NJO5Np1m59vhwyDcNXWyhUua5qGhZf6GUsrgURU1YyAcG9, 7caRkDJj6h1Be27BZnvHTFRoGmHz4E32kStSMvDxiO20kI0J7H, 2, 18E43F7E-7CDC-473E-BD1C-B7E95BA204FA, 1]
[EL Finer]: transaction: 2016-06-22 08:29:11.0--ClientSession(1764393092)--Connection(1814619024)--Thread(Thread[Test worker,5,main])--commit transaction
[EL Finest]: connection: 2016-06-22 08:29:11.002--ServerSession(132201555)--Connection(1582184400)--Thread(Thread[Test worker,5,main])--Connection released to connection pool [default].
[EL Finer]: transaction: 2016-06-22 08:29:11.002--UnitOfWork(1700499468)--Thread(Thread[Test worker,5,main])--end unit of work commit
[EL Finer]: transaction: 2016-06-22 08:29:11.003--UnitOfWork(1700499468)--Thread(Thread[Test worker,5,main])--resume unit of work
[EL Finer]: transaction: 2016-06-22 08:29:11.003--UnitOfWork(1700499468)--Thread(Thread[Test worker,5,main])--release unit of work
[EL Finer]: connection: 2016-06-22 08:29:11.003--ClientSession(1764393092)--Thread(Thread[Test worker,5,main])--client released
[EL Finer]: connection: 2016-06-22 08:29:11.007--ServerSession(132201555)--Thread(Thread[Test worker,5,main])--client acquired: 628024168
[EL Finer]: transaction: 2016-06-22 08:29:11.007--ClientSession(628024168)--Thread(Thread[Test worker,5,main])--acquire unit of work: 320066571
[EL Finest]: connection: 2016-06-22 08:29:11.007--ServerSession(132201555)--Connection(2059806709)--Thread(Thread[Test worker,5,main])--Connection acquired from connection pool [default].
[EL Finer]: transaction: 2016-06-22 08:29:11.007--ClientSession(628024168)--Connection(2059806709)--Thread(Thread[Test worker,5,main])--begin transaction
[EL Finest]: connection: 2016-06-22 08:29:11.008--ClientSession(628024168)--Thread(Thread[Test worker,5,main])--reconnecting to external connection pool
[EL Finer]: transaction: 2016-06-22 08:29:11.008--UnitOfWork(320066571)--Thread(Thread[Test worker,5,main])--begin unit of work flush
[EL Finer]: transaction: 2016-06-22 08:29:11.008--UnitOfWork(320066571)--Thread(Thread[Test worker,5,main])--end unit of work flush
[EL Finest]: query: 2016-06-22 08:29:11.008--UnitOfWork(320066571)--Thread(Thread[Test worker,5,main])--Execute query ReadAllQuery(name="CommunicationGroup.findById" referenceClass=CommunicationGroup sql="SELECT commGroupId, commGroupDescription, commGroupName, versionId, createdBy, createdDate, updatedBy, updatedDate, activeStatus, txnAccessCode FROM ast_CommunicationGroup_M WHERE ((activeStatus = ?) AND (commGroupId = ?))")
[EL Fine]: sql: 2016-06-22 08:29:11.008--ClientSession(628024168)--Connection(1083007095)--Thread(Thread[Test worker,5,main])--SELECT commGroupId, commGroupDescription, commGroupName, versionId, createdBy, createdDate, updatedBy, updatedDate, activeStatus, txnAccessCode FROM ast_CommunicationGroup_M WHERE ((activeStatus = ?) AND (commGroupId = ?))
	bind => [1, 18E43F7E-7CDC-473E-BD1C-B7E95BA204FA]
[EL Finer]: transaction: 2016-06-22 08:29:11.009--UnitOfWork(320066571)--Thread(Thread[Test worker,5,main])--begin unit of work commit
[EL Finer]: transaction: 2016-06-22 08:29:11.01--ClientSession(628024168)--Connection(1083007095)--Thread(Thread[Test worker,5,main])--commit transaction
[EL Finest]: connection: 2016-06-22 08:29:11.01--ServerSession(132201555)--Connection(2059806709)--Thread(Thread[Test worker,5,main])--Connection released to connection pool [default].
[EL Finer]: transaction: 2016-06-22 08:29:11.01--UnitOfWork(320066571)--Thread(Thread[Test worker,5,main])--end unit of work commit
[EL Finer]: transaction: 2016-06-22 08:29:11.01--UnitOfWork(320066571)--Thread(Thread[Test worker,5,main])--resume unit of work
[EL Finer]: transaction: 2016-06-22 08:29:11.01--UnitOfWork(320066571)--Thread(Thread[Test worker,5,main])--release unit of work
[EL Finer]: connection: 2016-06-22 08:29:11.01--ClientSession(628024168)--Thread(Thread[Test worker,5,main])--client released
[EL Finer]: connection: 2016-06-22 08:29:11.023--ServerSession(132201555)--Thread(Thread[Test worker,5,main])--client acquired: 227884330
[EL Finer]: transaction: 2016-06-22 08:29:11.023--ClientSession(227884330)--Thread(Thread[Test worker,5,main])--acquire unit of work: 1088591709
[EL Finest]: connection: 2016-06-22 08:29:11.023--ServerSession(132201555)--Connection(1547664370)--Thread(Thread[Test worker,5,main])--Connection acquired from connection pool [default].
[EL Finer]: transaction: 2016-06-22 08:29:11.023--ClientSession(227884330)--Connection(1547664370)--Thread(Thread[Test worker,5,main])--begin transaction
[EL Finest]: connection: 2016-06-22 08:29:11.024--ClientSession(227884330)--Thread(Thread[Test worker,5,main])--reconnecting to external connection pool
[EL Finest]: query: 2016-06-22 08:29:11.024--UnitOfWork(1088591709)--Thread(Thread[Test worker,5,main])--Execute query ReadObjectQuery(name="readCommunicationGroup" referenceClass=CommunicationGroup sql="SELECT commGroupId, commGroupDescription, commGroupName, versionId, createdBy, createdDate, updatedBy, updatedDate, activeStatus, txnAccessCode FROM ast_CommunicationGroup_M WHERE (commGroupId = ?)")
[EL Fine]: sql: 2016-06-22 08:29:11.024--ClientSession(227884330)--Connection(38196974)--Thread(Thread[Test worker,5,main])--SELECT commGroupId, commGroupDescription, commGroupName, versionId, createdBy, createdDate, updatedBy, updatedDate, activeStatus, txnAccessCode FROM ast_CommunicationGroup_M WHERE (commGroupId = ?)
	bind => [18E43F7E-7CDC-473E-BD1C-B7E95BA204FA]
[EL Finest]: transaction: 2016-06-22 08:29:11.025--UnitOfWork(1088591709)--Thread(Thread[Test worker,5,main])--remove() operation called on: 7caRkDJj6h1Be27BZnvHTFRoGmHz4E32kStSMvDxiO20kI0J7H
[EL Finer]: transaction: 2016-06-22 08:29:11.026--UnitOfWork(1088591709)--Thread(Thread[Test worker,5,main])--begin unit of work commit
[EL Finest]: query: 2016-06-22 08:29:11.026--UnitOfWork(1088591709)--Thread(Thread[Test worker,5,main])--Execute query DoesExistQuery(referenceClass=CommunicationGroup )
[EL Finest]: query: 2016-06-22 08:29:11.026--UnitOfWork(1088591709)--Thread(Thread[Test worker,5,main])--Execute query DeleteObjectQuery(7caRkDJj6h1Be27BZnvHTFRoGmHz4E32kStSMvDxiO20kI0J7H)
[EL Fine]: sql: 2016-06-22 08:29:11.026--ClientSession(227884330)--Connection(38196974)--Thread(Thread[Test worker,5,main])--DELETE FROM ast_CommunicationGroup_M WHERE ((commGroupId = ?) AND (versionId = ?))
	bind => [18E43F7E-7CDC-473E-BD1C-B7E95BA204FA, 2]
[EL Finer]: transaction: 2016-06-22 08:29:11.027--ClientSession(227884330)--Connection(38196974)--Thread(Thread[Test worker,5,main])--commit transaction
[EL Finest]: connection: 2016-06-22 08:29:11.029--ServerSession(132201555)--Connection(1547664370)--Thread(Thread[Test worker,5,main])--Connection released to connection pool [default].
[EL Finer]: transaction: 2016-06-22 08:29:11.029--UnitOfWork(1088591709)--Thread(Thread[Test worker,5,main])--end unit of work commit
[EL Finer]: transaction: 2016-06-22 08:29:11.029--UnitOfWork(1088591709)--Thread(Thread[Test worker,5,main])--resume unit of work
[EL Finer]: transaction: 2016-06-22 08:29:11.03--UnitOfWork(1088591709)--Thread(Thread[Test worker,5,main])--release unit of work
[EL Finer]: connection: 2016-06-22 08:29:11.03--ClientSession(227884330)--Thread(Thread[Test worker,5,main])--client released
]]></system-out>
  <system-err><![CDATA[CommunicationGroup.commGroupName may not be null
java.lang.SecurityException: CommunicationGroup.commGroupName may not be null
	at com.athena.server.pluggable.utils.helper.EntityValidatorHelper.validateEntity(EntityValidatorHelper.java:37)
	at com.app.shared.organization.contactmanagement.CommunicationGroup.isValid(CommunicationGroup.java:150)
	at com.app.server.service.organization.contactmanagement.CommunicationGroupTestCase.validateCommunicationGroup(CommunicationGroupTestCase.java:179)
	at com.app.server.service.organization.contactmanagement.CommunicationGroupTestCase.test5NegativeTesting(CommunicationGroupTestCase.java:211)
	at sun.reflect.NativeMethodAccessorImpl.invoke0(Native Method)
	at sun.reflect.NativeMethodAccessorImpl.invoke(NativeMethodAccessorImpl.java:57)
	at sun.reflect.DelegatingMethodAccessorImpl.invoke(DelegatingMethodAccessorImpl.java:43)
	at java.lang.reflect.Method.invoke(Method.java:606)
	at org.junit.runners.model.FrameworkMethod$1.runReflectiveCall(FrameworkMethod.java:47)
	at org.junit.internal.runners.model.ReflectiveCallable.run(ReflectiveCallable.java:12)
	at org.junit.runners.model.FrameworkMethod.invokeExplosively(FrameworkMethod.java:44)
	at org.junit.internal.runners.statements.InvokeMethod.evaluate(InvokeMethod.java:17)
	at org.junit.internal.runners.statements.RunBefores.evaluate(RunBefores.java:26)
	at org.springframework.test.context.junit4.statements.RunBeforeTestMethodCallbacks.evaluate(RunBeforeTestMethodCallbacks.java:74)
	at org.junit.internal.runners.statements.RunAfters.evaluate(RunAfters.java:27)
	at org.springframework.test.context.junit4.statements.RunAfterTestMethodCallbacks.evaluate(RunAfterTestMethodCallbacks.java:83)
	at org.springframework.test.context.junit4.statements.SpringRepeat.evaluate(SpringRepeat.java:72)
	at org.springframework.test.context.junit4.SpringJUnit4ClassRunner.runChild(SpringJUnit4ClassRunner.java:233)
	at org.springframework.test.context.junit4.SpringJUnit4ClassRunner.runChild(SpringJUnit4ClassRunner.java:87)
	at org.junit.runners.ParentRunner$3.run(ParentRunner.java:238)
	at org.junit.runners.ParentRunner$1.schedule(ParentRunner.java:63)
	at org.junit.runners.ParentRunner.runChildren(ParentRunner.java:236)
	at org.junit.runners.ParentRunner.access$000(ParentRunner.java:53)
	at org.junit.runners.ParentRunner$2.evaluate(ParentRunner.java:229)
	at org.junit.internal.runners.statements.RunBefores.evaluate(RunBefores.java:26)
	at org.springframework.test.context.junit4.statements.RunBeforeTestClassCallbacks.evaluate(RunBeforeTestClassCallbacks.java:61)
	at org.springframework.test.context.junit4.statements.RunAfterTestClassCallbacks.evaluate(RunAfterTestClassCallbacks.java:71)
	at org.junit.runners.ParentRunner.run(ParentRunner.java:309)
	at org.springframework.test.context.junit4.SpringJUnit4ClassRunner.run(SpringJUnit4ClassRunner.java:176)
	at org.gradle.api.internal.tasks.testing.junit.JUnitTestClassExecuter.runTestClass(JUnitTestClassExecuter.java:86)
	at org.gradle.api.internal.tasks.testing.junit.JUnitTestClassExecuter.execute(JUnitTestClassExecuter.java:49)
	at org.gradle.api.internal.tasks.testing.junit.JUnitTestClassProcessor.processTestClass(JUnitTestClassProcessor.java:64)
	at org.gradle.api.internal.tasks.testing.SuiteTestClassProcessor.processTestClass(SuiteTestClassProcessor.java:50)
	at sun.reflect.GeneratedMethodAccessor109.invoke(Unknown Source)
	at sun.reflect.DelegatingMethodAccessorImpl.invoke(DelegatingMethodAccessorImpl.java:43)
	at java.lang.reflect.Method.invoke(Method.java:606)
	at org.gradle.messaging.dispatch.ReflectionDispatch.dispatch(ReflectionDispatch.java:35)
	at org.gradle.messaging.dispatch.ReflectionDispatch.dispatch(ReflectionDispatch.java:24)
	at org.gradle.messaging.dispatch.ContextClassLoaderDispatch.dispatch(ContextClassLoaderDispatch.java:32)
	at org.gradle.messaging.dispatch.ProxyDispatchAdapter$DispatchingInvocationHandler.invoke(ProxyDispatchAdapter.java:93)
	at com.sun.proxy.$Proxy2.processTestClass(Unknown Source)
	at org.gradle.api.internal.tasks.testing.worker.TestWorker.processTestClass(TestWorker.java:106)
	at sun.reflect.GeneratedMethodAccessor108.invoke(Unknown Source)
	at sun.reflect.DelegatingMethodAccessorImpl.invoke(DelegatingMethodAccessorImpl.java:43)
	at java.lang.reflect.Method.invoke(Method.java:606)
	at org.gradle.messaging.dispatch.ReflectionDispatch.dispatch(ReflectionDispatch.java:35)
	at org.gradle.messaging.dispatch.ReflectionDispatch.dispatch(ReflectionDispatch.java:24)
	at org.gradle.messaging.remote.internal.hub.MessageHub$Handler.run(MessageHub.java:360)
	at org.gradle.internal.concurrent.DefaultExecutorFactory$StoppableExecutorImpl$1.run(DefaultExecutorFactory.java:64)
	at java.util.concurrent.ThreadPoolExecutor.runWorker(ThreadPoolExecutor.java:1145)
	at java.util.concurrent.ThreadPoolExecutor$Worker.run(ThreadPoolExecutor.java:615)
	at java.lang.Thread.run(Thread.java:745)
CommunicationGroup.commGroupName size must be between 0 and 128
java.lang.SecurityException: CommunicationGroup.commGroupName size must be between 0 and 128
	at com.athena.server.pluggable.utils.helper.EntityValidatorHelper.validateEntity(EntityValidatorHelper.java:37)
	at com.app.shared.organization.contactmanagement.CommunicationGroup.isValid(CommunicationGroup.java:150)
	at com.app.server.service.organization.contactmanagement.CommunicationGroupTestCase.validateCommunicationGroup(CommunicationGroupTestCase.java:177)
	at com.app.server.service.organization.contactmanagement.CommunicationGroupTestCase.test5NegativeTesting(CommunicationGroupTestCase.java:216)
	at sun.reflect.NativeMethodAccessorImpl.invoke0(Native Method)
	at sun.reflect.NativeMethodAccessorImpl.invoke(NativeMethodAccessorImpl.java:57)
	at sun.reflect.DelegatingMethodAccessorImpl.invoke(DelegatingMethodAccessorImpl.java:43)
	at java.lang.reflect.Method.invoke(Method.java:606)
	at org.junit.runners.model.FrameworkMethod$1.runReflectiveCall(FrameworkMethod.java:47)
	at org.junit.internal.runners.model.ReflectiveCallable.run(ReflectiveCallable.java:12)
	at org.junit.runners.model.FrameworkMethod.invokeExplosively(FrameworkMethod.java:44)
	at org.junit.internal.runners.statements.InvokeMethod.evaluate(InvokeMethod.java:17)
	at org.junit.internal.runners.statements.RunBefores.evaluate(RunBefores.java:26)
	at org.springframework.test.context.junit4.statements.RunBeforeTestMethodCallbacks.evaluate(RunBeforeTestMethodCallbacks.java:74)
	at org.junit.internal.runners.statements.RunAfters.evaluate(RunAfters.java:27)
	at org.springframework.test.context.junit4.statements.RunAfterTestMethodCallbacks.evaluate(RunAfterTestMethodCallbacks.java:83)
	at org.springframework.test.context.junit4.statements.SpringRepeat.evaluate(SpringRepeat.java:72)
	at org.springframework.test.context.junit4.SpringJUnit4ClassRunner.runChild(SpringJUnit4ClassRunner.java:233)
	at org.springframework.test.context.junit4.SpringJUnit4ClassRunner.runChild(SpringJUnit4ClassRunner.java:87)
	at org.junit.runners.ParentRunner$3.run(ParentRunner.java:238)
	at org.junit.runners.ParentRunner$1.schedule(ParentRunner.java:63)
	at org.junit.runners.ParentRunner.runChildren(ParentRunner.java:236)
	at org.junit.runners.ParentRunner.access$000(ParentRunner.java:53)
	at org.junit.runners.ParentRunner$2.evaluate(ParentRunner.java:229)
	at org.junit.internal.runners.statements.RunBefores.evaluate(RunBefores.java:26)
	at org.springframework.test.context.junit4.statements.RunBeforeTestClassCallbacks.evaluate(RunBeforeTestClassCallbacks.java:61)
	at org.springframework.test.context.junit4.statements.RunAfterTestClassCallbacks.evaluate(RunAfterTestClassCallbacks.java:71)
	at org.junit.runners.ParentRunner.run(ParentRunner.java:309)
	at org.springframework.test.context.junit4.SpringJUnit4ClassRunner.run(SpringJUnit4ClassRunner.java:176)
	at org.gradle.api.internal.tasks.testing.junit.JUnitTestClassExecuter.runTestClass(JUnitTestClassExecuter.java:86)
	at org.gradle.api.internal.tasks.testing.junit.JUnitTestClassExecuter.execute(JUnitTestClassExecuter.java:49)
	at org.gradle.api.internal.tasks.testing.junit.JUnitTestClassProcessor.processTestClass(JUnitTestClassProcessor.java:64)
	at org.gradle.api.internal.tasks.testing.SuiteTestClassProcessor.processTestClass(SuiteTestClassProcessor.java:50)
	at sun.reflect.GeneratedMethodAccessor109.invoke(Unknown Source)
	at sun.reflect.DelegatingMethodAccessorImpl.invoke(DelegatingMethodAccessorImpl.java:43)
	at java.lang.reflect.Method.invoke(Method.java:606)
	at org.gradle.messaging.dispatch.ReflectionDispatch.dispatch(ReflectionDispatch.java:35)
	at org.gradle.messaging.dispatch.ReflectionDispatch.dispatch(ReflectionDispatch.java:24)
	at org.gradle.messaging.dispatch.ContextClassLoaderDispatch.dispatch(ContextClassLoaderDispatch.java:32)
	at org.gradle.messaging.dispatch.ProxyDispatchAdapter$DispatchingInvocationHandler.invoke(ProxyDispatchAdapter.java:93)
	at com.sun.proxy.$Proxy2.processTestClass(Unknown Source)
	at org.gradle.api.internal.tasks.testing.worker.TestWorker.processTestClass(TestWorker.java:106)
	at sun.reflect.GeneratedMethodAccessor108.invoke(Unknown Source)
	at sun.reflect.DelegatingMethodAccessorImpl.invoke(DelegatingMethodAccessorImpl.java:43)
	at java.lang.reflect.Method.invoke(Method.java:606)
	at org.gradle.messaging.dispatch.ReflectionDispatch.dispatch(ReflectionDispatch.java:35)
	at org.gradle.messaging.dispatch.ReflectionDispatch.dispatch(ReflectionDispatch.java:24)
	at org.gradle.messaging.remote.internal.hub.MessageHub$Handler.run(MessageHub.java:360)
	at org.gradle.internal.concurrent.DefaultExecutorFactory$StoppableExecutorImpl$1.run(DefaultExecutorFactory.java:64)
	at java.util.concurrent.ThreadPoolExecutor.runWorker(ThreadPoolExecutor.java:1145)
	at java.util.concurrent.ThreadPoolExecutor$Worker.run(ThreadPoolExecutor.java:615)
	at java.lang.Thread.run(Thread.java:745)
CommunicationGroup.commGroupDescription size must be between 0 and 256
java.lang.SecurityException: CommunicationGroup.commGroupDescription size must be between 0 and 256
	at com.athena.server.pluggable.utils.helper.EntityValidatorHelper.validateEntity(EntityValidatorHelper.java:37)
	at com.app.shared.organization.contactmanagement.CommunicationGroup.isValid(CommunicationGroup.java:150)
	at com.app.server.service.organization.contactmanagement.CommunicationGroupTestCase.validateCommunicationGroup(CommunicationGroupTestCase.java:177)
	at com.app.server.service.organization.contactmanagement.CommunicationGroupTestCase.test5NegativeTesting(CommunicationGroupTestCase.java:221)
	at sun.reflect.NativeMethodAccessorImpl.invoke0(Native Method)
	at sun.reflect.NativeMethodAccessorImpl.invoke(NativeMethodAccessorImpl.java:57)
	at sun.reflect.DelegatingMethodAccessorImpl.invoke(DelegatingMethodAccessorImpl.java:43)
	at java.lang.reflect.Method.invoke(Method.java:606)
	at org.junit.runners.model.FrameworkMethod$1.runReflectiveCall(FrameworkMethod.java:47)
	at org.junit.internal.runners.model.ReflectiveCallable.run(ReflectiveCallable.java:12)
	at org.junit.runners.model.FrameworkMethod.invokeExplosively(FrameworkMethod.java:44)
	at org.junit.internal.runners.statements.InvokeMethod.evaluate(InvokeMethod.java:17)
	at org.junit.internal.runners.statements.RunBefores.evaluate(RunBefores.java:26)
	at org.springframework.test.context.junit4.statements.RunBeforeTestMethodCallbacks.evaluate(RunBeforeTestMethodCallbacks.java:74)
	at org.junit.internal.runners.statements.RunAfters.evaluate(RunAfters.java:27)
	at org.springframework.test.context.junit4.statements.RunAfterTestMethodCallbacks.evaluate(RunAfterTestMethodCallbacks.java:83)
	at org.springframework.test.context.junit4.statements.SpringRepeat.evaluate(SpringRepeat.java:72)
	at org.springframework.test.context.junit4.SpringJUnit4ClassRunner.runChild(SpringJUnit4ClassRunner.java:233)
	at org.springframework.test.context.junit4.SpringJUnit4ClassRunner.runChild(SpringJUnit4ClassRunner.java:87)
	at org.junit.runners.ParentRunner$3.run(ParentRunner.java:238)
	at org.junit.runners.ParentRunner$1.schedule(ParentRunner.java:63)
	at org.junit.runners.ParentRunner.runChildren(ParentRunner.java:236)
	at org.junit.runners.ParentRunner.access$000(ParentRunner.java:53)
	at org.junit.runners.ParentRunner$2.evaluate(ParentRunner.java:229)
	at org.junit.internal.runners.statements.RunBefores.evaluate(RunBefores.java:26)
	at org.springframework.test.context.junit4.statements.RunBeforeTestClassCallbacks.evaluate(RunBeforeTestClassCallbacks.java:61)
	at org.springframework.test.context.junit4.statements.RunAfterTestClassCallbacks.evaluate(RunAfterTestClassCallbacks.java:71)
	at org.junit.runners.ParentRunner.run(ParentRunner.java:309)
	at org.springframework.test.context.junit4.SpringJUnit4ClassRunner.run(SpringJUnit4ClassRunner.java:176)
	at org.gradle.api.internal.tasks.testing.junit.JUnitTestClassExecuter.runTestClass(JUnitTestClassExecuter.java:86)
	at org.gradle.api.internal.tasks.testing.junit.JUnitTestClassExecuter.execute(JUnitTestClassExecuter.java:49)
	at org.gradle.api.internal.tasks.testing.junit.JUnitTestClassProcessor.processTestClass(JUnitTestClassProcessor.java:64)
	at org.gradle.api.internal.tasks.testing.SuiteTestClassProcessor.processTestClass(SuiteTestClassProcessor.java:50)
	at sun.reflect.GeneratedMethodAccessor109.invoke(Unknown Source)
	at sun.reflect.DelegatingMethodAccessorImpl.invoke(DelegatingMethodAccessorImpl.java:43)
	at java.lang.reflect.Method.invoke(Method.java:606)
	at org.gradle.messaging.dispatch.ReflectionDispatch.dispatch(ReflectionDispatch.java:35)
	at org.gradle.messaging.dispatch.ReflectionDispatch.dispatch(ReflectionDispatch.java:24)
	at org.gradle.messaging.dispatch.ContextClassLoaderDispatch.dispatch(ContextClassLoaderDispatch.java:32)
	at org.gradle.messaging.dispatch.ProxyDispatchAdapter$DispatchingInvocationHandler.invoke(ProxyDispatchAdapter.java:93)
	at com.sun.proxy.$Proxy2.processTestClass(Unknown Source)
	at org.gradle.api.internal.tasks.testing.worker.TestWorker.processTestClass(TestWorker.java:106)
	at sun.reflect.GeneratedMethodAccessor108.invoke(Unknown Source)
	at sun.reflect.DelegatingMethodAccessorImpl.invoke(DelegatingMethodAccessorImpl.java:43)
	at java.lang.reflect.Method.invoke(Method.java:606)
	at org.gradle.messaging.dispatch.ReflectionDispatch.dispatch(ReflectionDispatch.java:35)
	at org.gradle.messaging.dispatch.ReflectionDispatch.dispatch(ReflectionDispatch.java:24)
	at org.gradle.messaging.remote.internal.hub.MessageHub$Handler.run(MessageHub.java:360)
	at org.gradle.internal.concurrent.DefaultExecutorFactory$StoppableExecutorImpl$1.run(DefaultExecutorFactory.java:64)
	at java.util.concurrent.ThreadPoolExecutor.runWorker(ThreadPoolExecutor.java:1145)
	at java.util.concurrent.ThreadPoolExecutor$Worker.run(ThreadPoolExecutor.java:615)
	at java.lang.Thread.run(Thread.java:745)
]]></system-err>
</testsuite>
